{"level":"info","data":"2019-05-16T04:59:08.097Z","message":"addCompanyAPI : Company Data is Successfully Insert..."}
{"level":"info","data":"2019-05-16T05:00:15.363Z","message":"addCompany : Company already exist with same email id"}
{"level":"info","data":"2019-05-16T05:01:19.633Z","message":"listCompanyAPI : Company Data is Successfully Show..."}
{"level":"info","data":"2019-05-16T05:08:48.092Z","message":"addCompanyAPI : Company Data is Successfully Insert..."}
{"level":"info","data":"2019-05-16T05:22:12.084Z","message":"listCompanyAPI : Company Data is Successfully Show..."}
{"level":"info","data":"2019-05-16T05:22:16.749Z","message":"listCompanyAPI : Company Data is Successfully Show..."}
{"level":"info","data":"2019-05-16T05:22:21.538Z","message":"listCompanyAPI : Company Data is Successfully Show..."}
{"level":"info","data":"2019-05-16T05:22:39.584Z","message":"listCompanyAPI : Company Data is not Show!!!"}
{"level":"info","data":"2019-05-16T05:23:11.440Z","message":"listCompanyAPI : Company Data is not Show!!!"}
{"level":"info","data":"2019-05-16T05:24:03.911Z","message":"listCompanyAPI : Company Data is not Show!!!"}
{"level":"info","data":"2019-05-16T05:24:34.011Z","message":"listCompanyAPI : Company Data is not Show!!!"}
{"level":"info","data":"2019-05-16T05:24:50.136Z","message":"listCompanyAPI : Company Data is not Show!!!"}
{"level":"info","data":"2019-05-16T05:26:34.700Z","message":"listCompanyAPI : Company Data is not Show!!!"}
{"level":"info","data":"2019-05-16T05:26:55.766Z","message":"listCompanyAPI : Company Data is not Show!!!"}
{"level":"info","data":"2019-05-16T05:27:25.148Z","message":"listCompanyAPI : Company Data is not Show!!!"}
{"level":"info","data":"2019-05-16T05:28:39.362Z","message":"listCompanyAPI : Company Data is not Show!!!"}
{"level":"info","data":"2019-05-16T05:28:58.338Z","message":"listCompanyAPI : Company Data is not Show!!!"}
{"level":"info","data":"2019-05-16T05:29:33.930Z","message":"listCompanyAPI : Company Data is not Show!!!"}
{"level":"info","data":"2019-05-16T05:29:57.143Z","message":"listCompanyAPI : Company Data is not Show!!!"}
{"level":"info","data":"2019-05-16T05:30:28.798Z","message":"addCompanyAPI : Company Data is Successfully Insert..."}
{"level":"info","data":"2019-05-16T05:30:46.275Z","message":"listCompanyAPI : Company Data is Successfully Show..."}
{"level":"info","data":"2019-05-16T05:32:01.902Z","message":"listCompanyAPI : Company Data is Successfully Show..."}
{"level":"info","data":"2019-05-16T05:32:16.282Z","message":"listCompanyAPI : Company Data is Successfully Show..."}
{"level":"info","data":"2019-05-16T05:32:33.395Z","message":"listCompanyAPI : Company Data is Successfully Show..."}
{"level":"info","data":"2019-05-16T05:33:50.623Z","message":"listCompanyAPI : Company Data is Successfully Show..."}
{"level":"info","data":"2019-05-16T05:35:38.710Z","message":"listCompanyAPI : Company Data is Successfully Show..."}
{"level":"info","data":"2019-05-16T05:36:14.677Z","message":"listCompanyAPI : Company Data is Successfully Show..."}
{"level":"info","data":"2019-05-16T05:36:32.784Z","message":"listCompanyAPI : Company Data is Successfully Show..."}
{"level":"info","data":"2019-05-16T05:37:40.622Z","message":"listCompanyAPI : Company Data is Successfully Show..."}
{"level":"info","data":"2019-05-16T05:39:17.682Z","message":"listCompanyAPI : Company Data is Successfully Show..."}
{"level":"info","data":"2019-05-16T05:39:59.799Z","message":"listCompanyAPI : Company Data is Successfully Show..."}
{"level":"info","data":"2019-05-16T05:40:24.497Z","message":"listCompanyAPI : Company Data is Successfully Show..."}
{"level":"info","data":"2019-05-16T05:40:37.790Z","message":"listCompanyAPI : Company Data is Successfully Show..."}
{"level":"info","data":"2019-05-16T05:41:42.745Z","message":"listCompanyAPI : Company Data is Successfully Show..."}
{"level":"info","data":"2019-05-16T05:42:44.092Z","message":"listCompanyAPI : Company Data is Successfully Show..."}
{"level":"info","data":"2019-05-16T05:42:52.604Z","message":"listCompanyAPI : Company Data is Successfully Show..."}
{"level":"info","data":"2019-05-16T05:43:24.740Z","message":"listCompanyAPI : Company Data is Successfully Show..."}
{"level":"info","data":"2019-05-16T05:44:51.815Z","message":"listCompanyAPI : Company Data is Successfully Show..."}
{"level":"info","data":"2019-05-16T05:49:17.203Z","message":"listCompanyAPI : Company Data is Successfully Show..."}
{"level":"info","data":"2019-05-16T05:54:11.878Z","message":"listCompanyAPI : Company Data is Successfully Show..."}
{"level":"info","data":"2019-05-16T05:54:45.508Z","message":"listCompanyAPI : Company Data is Successfully Show..."}
{"level":"info","data":"2019-05-16T05:58:02.290Z","message":"listCompanyAPI : Company Data is Successfully Show..."}
{"level":"info","data":"2019-05-16T05:58:32.633Z","message":"listCompanyAPI : Company Data is Successfully Show..."}
{"level":"info","data":"2019-05-16T05:59:30.351Z","message":"listCompanyAPI : Company Data is Successfully Show..."}
{"level":"info","data":"2019-05-16T06:03:37.371Z","message":"listCompanyAPI : Company Data is Successfully Show..."}
{"level":"info","data":"2019-05-16T06:08:53.699Z","message":"listCompanyAPI : Company Data is Successfully Show..."}
{"level":"info","data":"2019-05-16T06:10:13.960Z","message":"listCompanyAPI : Company Data is Successfully Show..."}
{"level":"info","data":"2019-05-16T06:14:08.568Z","message":"listCompanyAPI : Company Data is not Show!!!"}
{"level":"info","data":"2019-05-16T06:14:42.344Z","message":"listCompanyAPI : Company Data is not Show!!!"}
{"level":"info","data":"2019-05-16T06:15:40.239Z","message":"listCompanyAPI : Company Data is not Show!!!"}
{"level":"info","data":"2019-05-16T06:16:14.146Z","message":"listCompanyAPI : Company Data is not Show!!!"}
{"level":"info","data":"2019-05-16T06:17:12.071Z","message":"listCompanyAPI : Company Data is not Show!!!"}
{"level":"info","data":"2019-05-16T06:17:29.244Z","message":"addCompanyAPI : Company Data is Successfully Insert..."}
{"level":"info","data":"2019-05-16T06:18:19.053Z","message":"listCompanyAPI : Company Data is Successfully Show..."}
{"level":"info","data":"2019-05-16T06:19:07.132Z","message":"listCompanyAPI : Company Data is Successfully Show..."}
{"level":"info","data":"2019-05-16T06:20:15.838Z","message":"listCompanyAPI : Company Data is not Show!!!"}
{"level":"info","data":"2019-05-16T06:20:33.993Z","message":"addCompanyAPI : Company Data is Successfully Insert..."}
{"level":"info","data":"2019-05-16T06:20:38.521Z","message":"listCompanyAPI : Company Data is Successfully Show..."}
{"level":"info","data":"2019-05-16T06:22:10.195Z","message":"listCompanyAPI : Company Data is not Show!!!"}
{"level":"info","data":"2019-05-16T06:22:26.176Z","message":"addCompanyAPI : Company Data is Successfully Insert..."}
{"level":"info","data":"2019-05-16T06:22:29.130Z","message":"listCompanyAPI : Company Data is Successfully Show..."}
{"level":"info","data":"2019-05-16T06:23:38.938Z","message":"listCompanyAPI : Company Data is Successfully Show..."}
{"level":"info","data":"2019-05-16T06:24:04.311Z","message":"listCompanyAPI : Company Data is Successfully Show..."}
{"level":"info","data":"2019-05-16T06:24:33.666Z","message":"listCompanyAPI : Company Data is Successfully Show..."}
{"level":"info","data":"2019-05-16T06:26:20.898Z","message":"listCompanyAPI : Company Data is Successfully Show..."}
{"level":"info","data":"2019-05-16T06:27:04.845Z","message":"listCompanyAPI : Company Data is Successfully Show..."}
{"level":"info","data":"2019-05-16T06:27:49.150Z","message":"listCompanyAPI : Company Data is Successfully Show..."}
{"level":"info","data":"2019-05-16T06:28:07.199Z","message":"listCompanyAPI : Company Data is Successfully Show..."}
{"level":"info","data":"2019-05-16T06:29:12.278Z","message":"listCompanyAPI : Company Data is Successfully Show..."}
{"level":"info","data":"2019-05-16T06:38:01.747Z","message":"listCompanyAPI : Company Data is Successfully Show..."}
{"level":"info","data":"2019-05-16T06:38:25.102Z","message":"listCompanyAPI : Company Data is Successfully Show..."}
{"level":"info","data":"2019-05-16T06:39:21.367Z","message":"listCompanyAPI : Company Data is Successfully Show..."}
{"level":"info","data":"2019-05-16T06:39:25.285Z","message":"listCompanyAPI : Company Data is Successfully Show..."}
{"level":"info","data":"2019-05-16T06:39:27.724Z","message":"addCompany : Company already exist with same email id"}
{"level":"info","data":"2019-05-16T06:39:35.947Z","message":"addCompany : Company already exist with same email id"}
{"level":"info","data":"2019-05-16T06:39:51.483Z","message":"listCompanyAPI : Company Data is Successfully Show..."}
{"level":"info","data":"2019-05-16T06:40:48.229Z","message":"listCompanyAPI : Company Data is Successfully Show..."}
{"level":"info","data":"2019-05-16T06:41:20.414Z","message":"listCompanyAPI : Company Data is Successfully Show..."}
{"level":"info","data":"2019-05-16T06:41:57.506Z","message":"listCompanyAPI : Company Data is Successfully Show..."}
{"level":"info","data":"2019-05-16T06:42:34.683Z","message":"listCompanyAPI : Company Data is Successfully Show..."}
{"level":"info","data":"2019-05-16T06:42:49.116Z","message":"listCompanyAPI : Company Data is Successfully Show..."}
{"level":"info","data":"2019-05-16T06:43:22.881Z","message":"listCompanyAPI : Company Data is Successfully Show..."}
{"level":"info","data":"2019-05-16T06:44:12.265Z","message":"listCompanyAPI : Company Data is Successfully Show..."}
{"level":"info","data":"2019-05-16T06:44:41.409Z","message":"listCompanyAPI : Company Data is Successfully Show..."}
{"level":"info","data":"2019-05-16T06:45:55.151Z","message":"listCompanyAPI : Company Data is Successfully Show..."}
{"level":"info","data":"2019-05-16T06:46:14.531Z","message":"listCompanyAPI : Company Data is Successfully Show..."}
{"level":"info","data":"2019-05-16T06:46:30.142Z","message":"listCompanyAPI : Company Data is Successfully Show..."}
{"level":"info","data":"2019-05-16T06:46:43.063Z","message":"listCompanyAPI : Company Data is Successfully Show..."}
{"level":"info","data":"2019-05-16T06:47:06.094Z","message":"listCompanyAPI : Company Data is Successfully Show..."}
{"level":"info","data":"2019-05-16T06:47:53.380Z","message":"listCompanyAPI : Company Data is not Show!!!"}
{"level":"info","data":"2019-05-16T06:48:38.096Z","message":"listCompanyAPI : Company Data is not Show!!!"}
{"level":"info","data":"2019-05-16T06:49:22.499Z","message":"listCompanyAPI : Company Data is not Show!!!"}
{"level":"info","data":"2019-05-16T06:49:45.107Z","message":"listCompanyAPI : Company Data is not Show!!!"}
{"level":"info","data":"2019-05-16T06:50:25.134Z","message":"listCompanyAPI : Company Data is not Show!!!"}
{"level":"info","data":"2019-05-16T06:50:46.907Z","message":"listCompanyAPI : Company Data is not Show!!!"}
{"level":"info","data":"2019-05-16T06:50:46.934Z","message":"addCompanyAPI : Company Data is Successfully Insert..."}
{"level":"info","data":"2019-05-16T06:50:55.037Z","message":"listCompanyAPI : Company Data is Successfully Show..."}
{"level":"info","data":"2019-05-16T06:51:36.448Z","message":"listCompanyAPI : Company Data is Successfully Show..."}
{"level":"info","data":"2019-05-16T06:53:00.883Z","message":"listCompanyAPI : Company Data is Successfully Show..."}
{"level":"info","data":"2019-05-16T06:53:17.203Z","message":"listCompanyAPI : Company Data is Successfully Show..."}
{"level":"info","data":"2019-05-16T06:53:41.723Z","message":"listCompanyAPI : Company Data is not Show!!!"}
{"level":"info","data":"2019-05-16T06:54:05.581Z","message":"listCompanyAPI : Company Data is not Show!!!"}
{"level":"info","data":"2019-05-16T06:54:16.721Z","message":"listCompanyAPI : Company Data is not Show!!!"}
{"level":"info","data":"2019-05-16T06:55:05.483Z","message":"listCompanyAPI : Company Data is not Show!!!"}
{"level":"info","data":"2019-05-16T06:55:32.745Z","message":"listCompanyAPI : Company Data is not Show!!!"}
{"level":"info","data":"2019-05-16T06:56:06.567Z","message":"listCompanyAPI : Company Data is not Show!!!"}
{"level":"info","data":"2019-05-16T06:56:29.284Z","message":"listCompanyAPI : Company Data is not Show!!!"}
{"level":"info","data":"2019-05-16T06:57:19.925Z","message":"listCompanyAPI : Company Data is not Show!!!"}
{"level":"info","data":"2019-05-16T06:58:33.629Z","message":"listCompanyAPI : Company Data is not Show!!!"}
{"level":"info","data":"2019-05-16T06:59:48.191Z","message":"listCompanyAPI : Company Data is not Show!!!"}
{"level":"info","data":"2019-05-16T07:01:37.279Z","message":"listCompanyAPI : Company Data is not Show!!!"}
{"level":"info","data":"2019-05-16T07:02:00.636Z","message":"listCompanyAPI : Company Data is not Show!!!"}
{"level":"info","data":"2019-05-16T07:02:14.550Z","message":"listCompanyAPI : Company Data is not Show!!!"}
{"level":"info","data":"2019-05-16T07:02:38.024Z","message":"listCompanyAPI : Company Data is not Show!!!"}
{"level":"info","data":"2019-05-16T07:03:01.270Z","message":"listCompanyAPI : Company Data is not Show!!!"}
{"level":"info","data":"2019-05-16T07:03:17.100Z","message":"listCompanyAPI : Company Data is not Show!!!"}
{"level":"info","data":"2019-05-16T07:03:35.393Z","message":"listCompanyAPI : Company Data is not Show!!!"}
{"level":"info","data":"2019-05-16T07:04:11.469Z","message":"listCompanyAPI : Company Data is not Show!!!"}
{"level":"info","data":"2019-05-16T07:05:30.654Z","message":"listCompanyAPI : Company Data is not Show!!!"}
{"level":"info","data":"2019-05-16T07:05:39.305Z","message":"listCompanyAPI : Company Data is not Show!!!"}
{"level":"info","data":"2019-05-16T07:05:55.061Z","message":"listCompanyAPI : Company Data is not Show!!!"}
{"level":"info","data":"2019-05-16T07:06:14.215Z","message":"listCompanyAPI : Company Data is not Show!!!"}
{"level":"info","data":"2019-05-16T07:07:15.998Z","message":"listCompanyAPI : Company Data is not Show!!!"}
{"level":"info","data":"2019-05-16T07:07:36.325Z","message":"listCompanyAPI : Company Data is not Show!!!"}
{"level":"info","data":"2019-05-16T07:10:58.814Z","message":"listCompanyAPI : Company Data is not Show!!!"}
{"level":"info","data":"2019-05-16T07:11:49.393Z","message":"listCompanyAPI : Company Data is not Show!!!"}
{"level":"info","data":"2019-05-16T07:12:31.105Z","message":"listCompanyAPI : Company Data is not Show!!!"}
{"level":"info","data":"2019-05-16T07:12:48.419Z","message":"listCompanyAPI : Company Data is not Show!!!"}
{"level":"info","data":"2019-05-16T07:13:17.542Z","message":"listCompanyAPI : Company Data is not Show!!!"}
{"level":"info","data":"2019-05-16T07:13:43.908Z","message":"listCompanyAPI : Company Data is not Show!!!"}
{"level":"info","data":"2019-05-16T07:19:03.579Z","message":"listCompanyAPI : Company Data is not Show!!!"}
{"level":"info","data":"2019-05-16T07:20:08.126Z","message":"listCompanyAPI : Company Data is not Show!!!"}
{"level":"info","data":"2019-05-16T07:20:33.463Z","message":"listCompanyAPI : Company Data is not Show!!!"}
{"level":"info","data":"2019-05-16T07:26:07.821Z","message":"listCompanyAPI : Company Data is not Show!!!"}
{"level":"info","data":"2019-05-16T07:27:09.319Z","message":"addCompanyAPI : Company Data is Successfully Insert..."}
{"level":"info","data":"2019-05-16T07:27:35.625Z","message":"listCompanyAPI : Company Data is not Show!!!"}
{"level":"info","data":"2019-05-16T08:05:10.656Z","message":"listCompanyAPI : Company Data is not Show!!!"}
{"level":"info","data":"2019-05-16T08:05:42.700Z","message":"listCompanyAPI : Company Data is not Show!!!"}
{"level":"info","data":"2019-05-16T08:11:03.984Z","message":"listCompanyAPI : Company Data is not Show!!!"}
{"level":"info","data":"2019-05-16T08:12:25.751Z","message":"listCompanyAPI : Company Data is not Show!!!"}
{"level":"info","data":"2019-05-16T08:12:50.982Z","message":"addCompanyAPI : Company Data is Successfully Insert..."}
{"level":"info","data":"2019-05-16T08:13:54.832Z","message":"listCompanyAPI : Company Data is Successfully Show..."}
{"level":"info","data":"2019-05-16T08:14:13.671Z","message":"listCompanyAPI : Company Data is Successfully Show..."}
{"level":"info","data":"2019-05-16T08:14:26.932Z","message":"listCompanyAPI : Company Data is not Show!!!"}
{"level":"info","data":"2019-05-16T08:16:22.604Z","message":"listCompanyAPI : Company Data is not Show!!!"}
{"level":"info","data":"2019-05-16T08:20:35.442Z","message":"listCompanyAPI : Company Data is not Show!!!"}
{"level":"info","data":"2019-05-16T08:20:57.678Z","message":"addCompanyAPI : Company Data is Successfully Insert..."}
{"level":"info","data":"2019-05-16T08:22:02.775Z","message":"listCompanyAPI : Company Data is Successfully Show..."}
{"level":"info","data":"2019-05-16T08:22:41.582Z","message":"listCompanyAPI : Company Data is Successfully Show..."}
{"level":"info","data":"2019-05-16T08:23:14.651Z","message":"listCompanyAPI : Company Data is Successfully Show..."}
{"level":"info","data":"2019-05-16T08:23:58.058Z","message":"listCompanyAPI : Company Data is Successfully Show..."}
{"level":"info","data":"2019-05-16T08:24:48.428Z","message":"listCompanyAPI : Company Data is Successfully Show..."}
{"level":"info","data":"2019-05-16T08:25:18.019Z","message":"listCompanyAPI : Company Data is Successfully Show..."}
{"level":"info","data":"2019-05-16T08:25:37.628Z","message":"listCompanyAPI : Company Data is Successfully Show..."}
{"level":"info","data":"2019-05-16T08:26:01.687Z","message":"listCompanyAPI : Company Data is Successfully Show..."}
{"level":"info","data":"2019-05-16T08:27:10.742Z","message":"listCompanyAPI : Company Data is Successfully Show..."}
{"level":"info","data":"2019-05-16T08:27:21.673Z","message":"listCompanyAPI : Company Data is Successfully Show..."}
{"level":"info","data":"2019-05-16T08:27:35.139Z","message":"listCompanyAPI : Company Data is Successfully Show..."}
{"level":"info","data":"2019-05-16T08:27:46.897Z","message":"listCompanyAPI : Company Data is not Show!!!"}
{"level":"info","data":"2019-05-16T08:28:08.047Z","message":"addCompanyAPI : Company Data is Successfully Insert..."}
{"level":"info","data":"2019-05-16T08:28:09.674Z","message":"listCompanyAPI : Company Data is Successfully Show..."}
{"level":"info","data":"2019-05-16T08:28:27.123Z","message":"listCompanyAPI : Company Data is Successfully Show..."}
{"level":"info","data":"2019-05-16T08:30:14.993Z","message":"listCompanyAPI : Company Data is Successfully Show..."}
{"level":"info","data":"2019-05-16T08:31:24.613Z","message":"listCompanyAPI : Company Data is Successfully Show..."}
{"level":"info","data":"2019-05-16T08:32:11.289Z","message":"listCompanyAPI : Company Data is Successfully Show..."}
{"level":"info","data":"2019-05-16T08:38:21.007Z","message":"listCompanyAPI : Company Data is Successfully Show..."}
{"level":"info","data":"2019-05-16T08:38:55.357Z","message":"listCompanyAPI : Company Data is Successfully Show..."}
{"level":"info","data":"2019-05-16T08:39:13.609Z","message":"listCompanyAPI : Company Data is Successfully Show..."}
{"level":"info","data":"2019-05-16T08:40:03.862Z","message":"listCompanyAPI : Company Data is Successfully Show..."}
{"level":"info","data":"2019-05-16T08:51:41.084Z","message":"updateCompany : customer Data is Successfully updated..."}
{"level":"info","data":"2019-05-16T08:53:17.763Z","message":"updateCompany : customer Data is Successfully updated..."}
{"level":"info","data":"2019-05-16T08:57:14.262Z","message":"updateCompany : customer Data is Successfully updated..."}
{"level":"info","data":"2019-05-16T08:59:01.445Z","message":"listCompanyAPI : Company Data is Successfully Show..."}
{"level":"info","data":"2019-05-16T09:00:35.536Z","message":"listCompanyAPI : Company Data is Successfully Show..."}
{"level":"info","data":"2019-05-16T09:13:20.754Z","message":"listCompanyAPI : Company Data is Successfully Show..."}
{"level":"info","data":"2019-05-16T09:15:02.603Z","message":"listCompanyAPI : Company Data is Successfully Show..."}
{"level":"info","data":"2019-05-16T09:15:51.045Z","message":"listCompanyAPI : Company Data is Successfully Show..."}
{"level":"info","data":"2019-05-16T09:24:12.405Z","message":"listCompanyAPI : Company Data is Successfully Show..."}
{"level":"info","data":"2019-05-16T09:24:36.856Z","message":"updateCompany : customer Data is Successfully updated..."}
{"level":"info","data":"2019-05-16T09:24:53.440Z","message":"updateCompany : customer Data is Successfully updated..."}
{"level":"info","data":"2019-05-16T09:25:21.617Z","message":"listCompanyAPI : Company Data is not Show!!!"}
{"level":"info","data":"2019-05-16T09:25:49.949Z","message":"addCompanyAPI : Company Data is Successfully Insert..."}
{"level":"info","data":"2019-05-16T09:25:51.932Z","message":"listCompanyAPI : Company Data is Successfully Show..."}
{"level":"info","data":"2019-05-16T09:26:25.057Z","message":"updateCompany : customer Data is Successfully updated..."}
{"level":"info","data":"2019-05-16T09:27:04.682Z","message":"listCompanyAPI : Company Data is Successfully Show..."}
{"level":"info","data":"2019-05-16T09:27:50.319Z","message":"updateCompany : customer Data is Successfully updated..."}
{"level":"info","data":"2019-05-16T09:27:51.800Z","message":"listCompanyAPI : Company Data is Successfully Show..."}
{"level":"info","data":"2019-05-16T09:28:45.243Z","message":"listCompanyAPI : Company Data is Successfully Show..."}
{"level":"info","data":"2019-05-16T09:29:26.525Z","message":"listCompanyAPI : Company Data is Successfully Show..."}
{"level":"info","data":"2019-05-16T09:30:04.515Z","message":"listCompanyAPI : Company Data is Successfully Show..."}
{"level":"info","data":"2019-05-16T09:30:47.476Z","message":"listCompanyAPI : Company Data is Successfully Show..."}
{"level":"info","data":"2019-05-16T09:31:01.710Z","message":"listCompanyAPI : Company Data is Successfully Show..."}
{"level":"info","data":"2019-05-16T09:32:26.108Z","message":"listCompanyAPI : Company Data is not Show!!!"}
{"level":"info","data":"2019-05-16T09:32:40.632Z","message":"addCompanyAPI : Company Data is Successfully Insert..."}
{"level":"info","data":"2019-05-16T09:32:42.674Z","message":"listCompanyAPI : Company Data is Successfully Show..."}
{"level":"info","data":"2019-05-16T09:33:26.910Z","message":"listCompanyAPI : Company Data is Successfully Show..."}
{"level":"info","data":"2019-05-16T09:34:06.637Z","message":"updateCompany : customer Data is Successfully updated..."}
{"level":"info","data":"2019-05-16T09:34:08.073Z","message":"listCompanyAPI : Company Data is Successfully Show..."}
{"level":"info","data":"2019-05-16T09:36:03.438Z","message":"updateCompany : customer Data is Successfully updated..."}
{"level":"info","data":"2019-05-16T09:37:01.475Z","message":"listCompanyAPI : Company Data is Successfully Show..."}
{"level":"info","data":"2019-05-16T09:37:28.177Z","message":"updateCompany : customer Data is Successfully updated..."}
{"level":"info","data":"2019-05-16T09:37:30.218Z","message":"listCompanyAPI : Company Data is Successfully Show..."}
{"level":"info","data":"2019-05-16T09:38:30.769Z","message":"updateCompany : customer Data is Successfully updated..."}
{"level":"info","data":"2019-05-16T09:38:33.009Z","message":"listCompanyAPI : Company Data is Successfully Show..."}
{"level":"info","data":"2019-05-16T09:40:10.728Z","message":"listCompanyAPI : Company Data is Successfully Show..."}
{"level":"info","data":"2019-05-16T09:41:27.369Z","message":"listCompanyAPI : Company Data is Successfully Show..."}
{"level":"info","data":"2019-05-16T09:41:40.743Z","message":"updateCompany : customer Data is Successfully updated..."}
{"level":"info","data":"2019-05-16T09:41:47.480Z","message":"listCompanyAPI : Company Data is Successfully Show..."}
{"level":"info","data":"2019-05-16T09:42:44.707Z","message":"listCompanyAPI : Company Data is Successfully Show..."}
{"level":"info","data":"2019-05-16T09:42:56.698Z","message":"updateCompany : customer Data is Successfully updated..."}
{"level":"info","data":"2019-05-16T09:42:58.052Z","message":"listCompanyAPI : Company Data is Successfully Show..."}
{"level":"info","data":"2019-05-16T09:43:09.806Z","message":"updateCompany : customer Data is Successfully updated..."}
{"level":"info","data":"2019-05-16T11:12:08.536Z","message":"listCompanyAPI : Company Data is Successfully Show..."}
{"level":"info","data":"2019-05-16T11:12:21.562Z","message":"updateCompany : customer Data is Successfully updated..."}
{"level":"info","data":"2019-05-16T11:18:25.387Z","message":"listCompanyAPI : Company Data is Successfully Show..."}
{"level":"info","data":"2019-05-16T11:18:41.407Z","message":"updateCompany : customer Data is Successfully updated..."}
{"level":"info","data":"2019-05-16T11:18:43.112Z","message":"listCompanyAPI : Company Data is Successfully Show..."}
{"level":"info","data":"2019-05-16T11:23:22.874Z","message":"listCompanyAPI : Company Data is Successfully Show..."}
{"level":"info","data":"2019-05-16T11:23:34.917Z","message":"updateCompany : customer Data is Successfully updated..."}
{"level":"info","data":"2019-05-16T11:24:20.797Z","message":"listCompanyAPI : Company Data is Successfully Show..."}
{"level":"info","data":"2019-05-16T11:24:36.200Z","message":"updateCompany : customer Data is Successfully updated..."}
{"level":"info","data":"2019-05-16T11:26:01.020Z","message":"listCompanyAPI : Company Data is Successfully Show..."}
{"level":"info","data":"2019-05-16T11:26:46.281Z","message":"updateCompany : customer Data is Successfully updated..."}
{"level":"info","data":"2019-05-16T11:27:12.966Z","message":"listCompanyAPI : Company Data is Successfully Show..."}
{"level":"info","data":"2019-05-16T11:30:39.116Z","message":"updateCompany : customer Data is Successfully updated..."}
{"level":"info","data":"2019-05-16T11:30:41.811Z","message":"listCompanyAPI : Company Data is Successfully Show..."}
{"level":"info","data":"2019-05-16T11:31:06.602Z","message":"updateCompany : customer Data is Successfully updated..."}
{"level":"info","data":"2019-05-16T11:31:31.845Z","message":"listCompanyAPI : Company Data is Successfully Show..."}
{"level":"info","data":"2019-05-16T11:31:40.975Z","message":"updateCompany : customer Data is Successfully updated..."}
{"level":"info","data":"2019-05-16T11:31:52.276Z","message":"listCompanyAPI : Company Data is Successfully Show..."}
{"level":"info","data":"2019-05-16T11:32:00.193Z","message":"updateCompany : customer Data is Successfully updated..."}
{"level":"info","data":"2019-05-16T11:32:01.262Z","message":"listCompanyAPI : Company Data is Successfully Show..."}
{"level":"info","data":"2019-05-16T11:36:54.306Z","message":"listCompanyAPI : Company Data is not Show!!!"}
{"level":"info","data":"2019-05-16T11:37:17.164Z","message":"listCompanyAPI : Company Data is Successfully Show..."}
{"level":"info","data":"2019-05-16T11:37:25.352Z","message":"updateCompany : customer Data is Successfully updated..."}
{"level":"info","data":"2019-05-16T11:37:26.638Z","message":"listCompanyAPI : Company Data is Successfully Show..."}
{"level":"info","data":"2019-05-16T11:46:56.171Z","message":"listCompanyAPI : Company Data is Successfully Show..."}
{"level":"info","data":"2019-05-16T11:47:02.177Z","message":"listCompanyAPI : Company Data is Successfully Show..."}
{"level":"info","data":"2019-05-16T11:47:29.923Z","message":"listCompanyAPI : Company Data is Successfully Show..."}
{"level":"info","data":"2019-05-16T11:59:33.234Z","message":"listCompanyAPI : Company Data is Successfully Show..."}
{"level":"info","data":"2019-05-16T11:59:49.446Z","message":"listCompanyAPI : Company Data is Successfully Show..."}
{"level":"info","data":"2019-05-16T11:59:54.318Z","message":"listCompanyAPI : Company Data is Successfully Show..."}
{"level":"info","data":"2019-05-16T12:00:28.278Z","message":"listCompanyAPI : Company Data is not Show!!!"}
{"level":"info","data":"2019-05-16T12:01:48.938Z","message":"listCompanyAPI : Company Data is not Show!!!"}
{"level":"info","data":"2019-05-16T12:02:09.310Z","message":"listCompanyAPI : Company Data is Successfully Show..."}
{"level":"info","data":"2019-05-16T12:03:11.304Z","message":"listCompanyAPI : Company Data is Successfully Show..."}
{"level":"info","data":"2019-05-16T12:04:40.342Z","message":"listCompanyAPI : Company Data is Successfully Show..."}
{"level":"info","data":"2019-05-16T12:05:18.057Z","message":"listCompanyAPI : Company Data is not Show!!!"}
{"level":"info","data":"2019-05-16T12:06:45.148Z","message":"listCompanyAPI : Company Data is Successfully Show..."}
{"level":"info","data":"2019-05-16T12:15:45.888Z","message":"listCompanyAPI : Company Data is Successfully Show..."}
{"level":"info","data":"2019-05-16T12:16:00.164Z","message":"updateCompany : customer Data is Successfully updated..."}
{"level":"info","data":"2019-05-16T12:17:00.276Z","message":"listCompanyAPI : Company Data is not Show!!!"}
{"level":"info","data":"2019-05-16T12:17:24.884Z","message":"listCompanyAPI : Company Data is Successfully Show..."}
{"level":"info","data":"2019-05-16T12:17:32.703Z","message":"updateCompany : customer Data is Successfully updated..."}
{"level":"info","data":"2019-05-16T12:17:43.914Z","message":"listCompanyAPI : Company Data is Successfully Show..."}
{"level":"info","data":"2019-05-16T12:17:58.819Z","message":"listCompanyAPI : Company Data is Successfully Show..."}
{"level":"info","data":"2019-05-16T12:18:44.488Z","message":"listCompanyAPI : Company Data is Successfully Show..."}
{"level":"info","data":"2019-05-16T12:19:09.301Z","message":"listCompanyAPI : Company Data is Successfully Show..."}
{"level":"info","data":"2019-05-16T12:19:45.774Z","message":"listCompanyAPI : Company Data is Successfully Show..."}
{"level":"info","data":"2019-05-16T12:21:00.293Z","message":"listCompanyAPI : Company Data is not Show!!!"}
{"level":"info","data":"2019-05-16T12:21:22.491Z","message":"listCompanyAPI : Company Data is Successfully Show..."}
{"level":"info","data":"2019-05-16T12:22:36.001Z","message":"listCompanyAPI : Company Data is Successfully Show..."}
{"level":"info","data":"2019-05-16T12:22:43.502Z","message":"updateCompany : customer Data is Successfully updated..."}
{"level":"info","data":"2019-05-16T12:22:44.915Z","message":"listCompanyAPI : Company Data is Successfully Show..."}
{"level":"info","data":"2019-05-16T12:22:54.523Z","message":"updateCompany : customer Data is Successfully updated..."}
{"level":"info","data":"2019-05-16T12:22:55.900Z","message":"listCompanyAPI : Company Data is Successfully Show..."}
{"level":"info","data":"2019-05-16T12:24:17.589Z","message":"listCompanyAPI : Company Data is Successfully Show..."}
{"level":"info","data":"2019-05-16T12:24:25.641Z","message":"updateCompany : customer Data is Successfully updated..."}
{"level":"info","data":"2019-05-16T12:24:27.101Z","message":"listCompanyAPI : Company Data is Successfully Show..."}
{"level":"info","data":"2019-05-16T12:24:42.259Z","message":"updateCompany : customer Data is Successfully updated..."}
{"level":"info","data":"2019-05-16T12:24:51.078Z","message":"listCompanyAPI : Company Data is Successfully Show..."}
{"level":"info","data":"2019-05-16T12:54:32.221Z","message":"updateCompany : customer Data is Successfully updated..."}
{"level":"info","data":"2019-05-16T13:00:09.284Z","message":"listCompanyAPI : Company Data is Successfully Show..."}
{"level":"info","data":"2019-05-17T04:14:56.153Z","message":"listCompanyAPI : Company Data is Successfully Show..."}
{"level":"info","data":"2019-05-17T04:15:25.616Z","message":"updateCompany : customer Data is Successfully updated..."}
{"level":"info","data":"2019-05-17T04:16:07.170Z","message":"listCompanyAPI : Company Data is not Show!!!"}
{"level":"info","data":"2019-05-17T04:18:22.307Z","message":"listCompanyAPI : Company Data is not Show!!!"}
{"level":"info","data":"2019-05-17T04:20:57.016Z","message":"listCompanyAPI : Company Data is not Show!!!"}
{"level":"info","data":"2019-05-17T04:21:27.762Z","message":"listCompanyAPI : Company Data is not Show!!!"}
{"level":"info","data":"2019-05-17T04:22:58.918Z","message":"listCompanyAPI : Company Data is not Show!!!"}
{"level":"info","data":"2019-05-17T04:23:26.311Z","message":"listCompanyAPI : Company Data is not Show!!!"}
{"level":"info","data":"2019-05-17T04:24:03.948Z","message":"listCompanyAPI : Company Data is not Show!!!"}
{"level":"info","data":"2019-05-17T04:24:29.863Z","message":"addCompanyAPI : Data is not Insert!!!"}
{"level":"info","data":"2019-05-17T04:25:16.440Z","message":"addCompanyAPI : Data is not Insert!!!"}
{"level":"info","data":"2019-05-17T04:27:35.356Z","message":"listCompanyAPI : Company Data is Successfully Show..."}
{"level":"info","data":"2019-05-17T04:28:39.088Z","message":"listCompanyAPI : Company Data is Successfully Show..."}
{"level":"info","data":"2019-05-17T04:28:52.726Z","message":"updateCompany : customer Data is Successfully updated..."}
{"level":"info","data":"2019-05-17T04:28:54.757Z","message":"listCompanyAPI : Company Data is Successfully Show..."}
