{"level":"info","data":"2019-05-10T07:02:21.891Z","message":"addCustomer : Customer already exist with same email id"}
{"level":"info","data":"2019-05-10T07:03:33.423Z","message":"userSignUpAPI : User Data is Successfully Insert..."}
{"level":"info","data":"2019-05-10T07:09:04.993Z","message":"customerDetailsAPI : customer Data is Successfully Show..."}
{"level":"info","data":"2019-05-10T07:13:05.536Z","message":"addCustomerAPI : Customer Data is Successfully Insert..."}
{"level":"info","data":"2019-05-10T07:13:10.238Z","message":"customerDetailsAPI : customer Data is Successfully Show..."}
{"level":"info","data":"2019-05-10T07:13:59.319Z","message":"addCustomerAPI : Customer Data is Successfully Insert..."}
{"level":"info","data":"2019-05-10T07:14:03.071Z","message":"customerDetailsAPI : customer Data is Successfully Show..."}
{"level":"info","data":"2019-05-10T07:24:34.470Z","message":"addCustomerAPI : Customer Data is Successfully Insert..."}
{"level":"info","data":"2019-05-10T07:25:29.039Z","message":"addCustomerAPI : Customer Data is Successfully Insert..."}
{"level":"info","data":"2019-05-10T07:26:24.656Z","message":"userSignUpAPI : Data is not Insert!!!"}
{"level":"info","data":"2019-05-10T07:27:29.480Z","message":"userSignUpAPI : Data is not Insert!!!"}
{"level":"info","data":"2019-05-10T07:27:48.856Z","message":"addCustomerAPI : Customer Data is Successfully Insert..."}
{"level":"info","data":"2019-05-10T07:30:09.654Z","message":"addCustomerAPI : Customer Data is Successfully Insert..."}
{"level":"info","data":"2019-05-11T04:07:08.473Z","message":"customerDetailsAPI : customer Data is Successfully Show..."}
{"level":"info","data":"2019-05-11T04:07:24.664Z","message":"addCustomerAPI : Customer Data is Successfully Insert..."}
{"level":"info","data":"2019-05-11T04:07:28.794Z","message":"customerDetailsAPI : customer Data is Successfully Show..."}
{"level":"info","data":"2019-05-11T04:09:01.736Z","message":"addCustomerAPI : Customer Data is Successfully Insert..."}
{"level":"info","data":"2019-05-11T04:09:33.111Z","message":"addCustomerAPI : Customer Data is Successfully Insert..."}
{"level":"info","data":"2019-05-11T04:13:21.709Z","message":"userSignUpAPI : Data is not Insert!!!"}
{"level":"info","data":"2019-05-11T04:13:30.520Z","message":"userSignUpAPI : Data is not Insert!!!"}
{"level":"info","data":"2019-05-11T08:04:50.689Z","message":"addCustomerAPI : Customer Data is Successfully Insert..."}
{"level":"info","data":"2019-05-11T08:10:05.441Z","message":"addCustomerAPI : Customer Data is Successfully Insert..."}
{"level":"info","data":"2019-05-11T08:10:49.283Z","message":"addCustomerAPI : Customer Data is Successfully Insert..."}
{"level":"info","data":"2019-05-11T08:12:03.828Z","message":"addCustomerAPI : Customer Data is Successfully Insert..."}
{"level":"info","data":"2019-05-11T08:13:18.791Z","message":"addCustomer : Customer already exist with same email id"}
{"level":"info","data":"2019-05-11T08:17:14.807Z","message":"addCustomer : Customer already exist with same email id"}
{"level":"info","data":"2019-05-11T08:19:43.835Z","message":"addCustomer : Customer already exist with same email id"}
{"level":"info","data":"2019-05-11T08:20:23.854Z","message":"addCustomer : Customer already exist with same email id"}
{"level":"info","data":"2019-05-11T08:21:15.771Z","message":"addCustomer : Customer already exist with same email id"}
{"level":"info","data":"2019-05-11T08:21:36.305Z","message":"addCustomer : Customer already exist with same email id"}
{"level":"info","data":"2019-05-11T08:21:52.141Z","message":"addCustomer : Customer already exist with same email id"}
{"level":"info","data":"2019-05-11T08:36:34.367Z","message":"addCustomer : Customer already exist with same email id"}
{"level":"info","data":"2019-05-11T08:36:53.617Z","message":"addCustomer : Customer already exist with same email id"}
{"level":"info","data":"2019-05-11T08:58:20.537Z","message":"customerDetailsAPI : customer Data is Successfully Show..."}
{"level":"info","data":"2019-05-11T08:59:05.139Z","message":"customerDetailsAPI : customer Data is Successfully Show..."}
{"level":"info","data":"2019-05-11T08:59:38.438Z","message":"customerDetailsAPI : customer Data is Successfully Show..."}
{"level":"info","data":"2019-05-11T09:05:22.114Z","message":"customerDetailsAPI : customer Data is Successfully Show..."}
{"level":"info","data":"2019-05-11T09:06:38.873Z","message":"customerDetailsAPI : customer Data is Successfully Show..."}
{"level":"info","data":"2019-05-11T09:07:23.094Z","message":"customerDetailsAPI : customer Data is Successfully Show..."}
{"level":"info","data":"2019-05-11T09:08:03.406Z","message":"customerDetailsAPI : customer Data is Successfully Show..."}
{"level":"info","data":"2019-05-11T09:08:24.994Z","message":"customerDetailsAPI : customer Data is Successfully Show..."}
{"level":"info","data":"2019-05-11T09:11:13.032Z","message":"customerDetailsAPI : customer Data is Successfully Show..."}
{"level":"info","data":"2019-05-11T09:14:05.403Z","message":"customerDetailsAPI : customer Data is Successfully Show..."}
{"level":"info","data":"2019-05-11T09:14:40.121Z","message":"customerDetailsAPI : customer Data is Successfully Show..."}
{"level":"info","data":"2019-05-11T09:14:57.193Z","message":"customerDetailsAPI : customer Data is Successfully Show..."}
{"level":"info","data":"2019-05-11T09:15:23.070Z","message":"customerDetailsAPI : customer Data is Successfully Show..."}
{"level":"info","data":"2019-05-11T09:15:47.627Z","message":"customerDetailsAPI : customer Data is Successfully Show..."}
{"level":"info","data":"2019-05-11T09:47:35.078Z","message":"customerDetailsAPI : customer Data is Successfully Show..."}
{"level":"info","data":"2019-05-11T09:48:43.017Z","message":"customerDetailsAPI : customer Data is Successfully Show..."}
{"level":"info","data":"2019-05-11T09:49:32.813Z","message":"customerDetailsAPI : customer Data is Successfully Show..."}
{"level":"info","data":"2019-05-11T09:49:50.220Z","message":"customerDetailsAPI : customer Data is Successfully Show..."}
{"level":"info","data":"2019-05-11T09:49:52.117Z","message":"customerDetailsAPI : customer Data is Successfully Show..."}
{"level":"info","data":"2019-05-11T09:49:53.679Z","message":"customerDetailsAPI : customer Data is Successfully Show..."}
{"level":"info","data":"2019-05-11T09:58:02.496Z","message":"customerDetailsAPI : customer Data is Successfully Show..."}
{"level":"info","data":"2019-05-11T09:58:25.933Z","message":"customerDetailsAPI : customer Data is Successfully Show..."}
{"level":"info","data":"2019-05-11T10:07:21.962Z","message":"customerDetailsAPI : customer Data is Successfully Show..."}
{"level":"info","data":"2019-05-11T10:15:21.448Z","message":"customerDetailsAPI : customer Data is Successfully Show..."}
{"level":"info","data":"2019-05-11T10:15:41.566Z","message":"customerDetailsAPI : customer Data is Successfully Show..."}
{"level":"info","data":"2019-05-11T10:16:08.809Z","message":"customerDetailsAPI : customer Data is Successfully Show..."}
{"level":"info","data":"2019-05-11T10:46:22.386Z","message":"customerDetailsAPI : customer Data is Successfully Show..."}
{"level":"info","data":"2019-05-11T10:47:08.289Z","message":"customerDetailsAPI : customer Data is Successfully Show..."}
{"level":"info","data":"2019-05-11T10:47:54.332Z","message":"customerDetailsAPI : customer Data is Successfully Show..."}
{"level":"info","data":"2019-05-11T11:09:27.124Z","message":"customerDetailsAPI : customer Data is Successfully Show..."}
{"level":"info","data":"2019-05-11T11:09:49.208Z","message":"customerDetailsAPI : customer Data is Successfully Show..."}
{"level":"info","data":"2019-05-11T11:10:01.727Z","message":"customerDetailsAPI : customer Data is Successfully Show..."}
{"level":"info","data":"2019-05-11T11:16:54.841Z","message":"customerDetailsAPI : customer Data is Successfully Show..."}
{"level":"info","data":"2019-05-11T11:17:16.714Z","message":"customerDetailsAPI : customer Data is Successfully Show..."}
{"level":"info","data":"2019-05-11T11:17:53.979Z","message":"customerDetailsAPI : customer Data is Successfully Show..."}
{"level":"info","data":"2019-05-11T11:24:08.879Z","message":"customerDetailsAPI : customer Data is Successfully Show..."}
{"level":"info","data":"2019-05-11T11:26:39.414Z","message":"customerDetailsAPI : customer Data is Successfully Show..."}
{"level":"info","data":"2019-05-11T11:27:39.134Z","message":"customerDetailsAPI : customer Data is Successfully Show..."}
{"level":"info","data":"2019-05-11T11:29:16.320Z","message":"customerDetailsAPI : customer Data is Successfully Show..."}
{"level":"info","data":"2019-05-11T11:29:29.750Z","message":"customerDetailsAPI : customer Data is Successfully Show..."}
{"level":"info","data":"2019-05-11T11:30:43.255Z","message":"customerDetailsAPI : customer Data is Successfully Show..."}
{"level":"info","data":"2019-05-11T11:32:26.986Z","message":"customerDetailsAPI : customer Data is Successfully Show..."}
{"level":"info","data":"2019-05-11T11:36:09.943Z","message":"customerDetailsAPI : customer Data is Successfully Show..."}
{"level":"info","data":"2019-05-11T11:36:52.867Z","message":"customerDetailsAPI : customer Data is Successfully Show..."}
{"level":"info","data":"2019-05-11T11:37:03.980Z","message":"customerDetailsAPI : customer Data is Successfully Show..."}
{"level":"info","data":"2019-05-11T11:37:36.989Z","message":"customerDetailsAPI : customer Data is Successfully Show..."}
{"level":"info","data":"2019-05-11T11:38:00.171Z","message":"customerDetailsAPI : customer Data is Successfully Show..."}
{"level":"info","data":"2019-05-11T11:38:12.857Z","message":"customerDetailsAPI : customer Data is Successfully Show..."}
{"level":"info","data":"2019-05-11T11:39:22.866Z","message":"customerDetailsAPI : customer Data is Successfully Show..."}
{"level":"info","data":"2019-05-11T11:39:43.029Z","message":"customerDetailsAPI : customer Data is Successfully Show..."}
{"level":"info","data":"2019-05-11T11:40:49.770Z","message":"customerDetailsAPI : customer Data is Successfully Show..."}
{"level":"info","data":"2019-05-11T11:42:03.387Z","message":"customerDetailsAPI : customer Data is Successfully Show..."}
{"level":"info","data":"2019-05-11T11:43:31.524Z","message":"customerDetailsAPI : customer Data is Successfully Show..."}
{"level":"info","data":"2019-05-11T11:48:05.949Z","message":"customerDetailsAPI : customer Data is Successfully Show..."}
{"level":"info","data":"2019-05-11T11:48:08.539Z","message":"customerDetailsAPI : customer Data is Successfully Show..."}
{"level":"info","data":"2019-05-11T11:48:10.167Z","message":"customerDetailsAPI : customer Data is Successfully Show..."}
{"level":"info","data":"2019-05-11T11:48:13.261Z","message":"customerDetailsAPI : customer Data is Successfully Show..."}
{"level":"info","data":"2019-05-11T11:48:14.228Z","message":"customerDetailsAPI : customer Data is Successfully Show..."}
{"level":"info","data":"2019-05-11T11:48:15.278Z","message":"customerDetailsAPI : customer Data is Successfully Show..."}
{"level":"info","data":"2019-05-11T11:48:16.721Z","message":"customerDetailsAPI : customer Data is Successfully Show..."}
{"level":"info","data":"2019-05-11T11:49:41.076Z","message":"customerDetailsAPI : customer Data is Successfully Show..."}
{"level":"info","data":"2019-05-11T11:49:44.185Z","message":"customerDetailsAPI : customer Data is Successfully Show..."}
{"level":"info","data":"2019-05-11T12:39:51.411Z","message":"customerDetailsAPI : customer Data is Successfully Show..."}
{"level":"info","data":"2019-05-11T13:06:43.037Z","message":"customerDetailsAPI : customer Data is Successfully Show..."}
{"level":"info","data":"2019-05-13T03:59:45.123Z","message":"customerDetailsAPI : customer Data is Successfully Show..."}
{"level":"info","data":"2019-05-13T04:00:59.936Z","message":"customerDetailsAPI : customer Data is Successfully Show..."}
{"level":"info","data":"2019-05-13T04:01:25.670Z","message":"customerDetailsAPI : customer Data is Successfully Show..."}
{"level":"info","data":"2019-05-13T04:03:51.127Z","message":"customerDetailsAPI : customer Data is Successfully Show..."}
{"level":"info","data":"2019-05-13T04:08:45.654Z","message":"customerDetailsAPI : customer Data is Successfully Show..."}
{"level":"info","data":"2019-05-13T04:09:18.637Z","message":"customerDetailsAPI : customer Data is Successfully Show..."}
{"level":"info","data":"2019-05-13T04:09:58.151Z","message":"customerDetailsAPI : customer Data is Successfully Show..."}
{"level":"info","data":"2019-05-13T04:11:00.231Z","message":"customerDetailsAPI : customer Data is Successfully Show..."}
{"level":"info","data":"2019-05-13T04:11:18.462Z","message":"customerDetailsAPI : customer Data is Successfully Show..."}
{"level":"info","data":"2019-05-13T04:15:21.010Z","message":"customerDetailsAPI : customer Data is Successfully Show..."}
{"level":"info","data":"2019-05-13T04:17:39.939Z","message":"customerDetailsAPI : customer Data is Successfully Show..."}
{"level":"info","data":"2019-05-13T04:18:48.968Z","message":"customerDetailsAPI : customer Data is Successfully Show..."}
{"level":"info","data":"2019-05-13T04:20:03.246Z","message":"customerDetailsAPI : customer Data is Successfully Show..."}
{"level":"info","data":"2019-05-13T04:20:53.096Z","message":"customerDetailsAPI : customer Data is Successfully Show..."}
{"level":"info","data":"2019-05-13T04:21:14.208Z","message":"customerDetailsAPI : customer Data is Successfully Show..."}
{"level":"info","data":"2019-05-13T04:22:54.361Z","message":"customerDetailsAPI : customer Data is Successfully Show..."}
{"level":"info","data":"2019-05-13T04:23:20.989Z","message":"customerDetailsAPI : customer Data is Successfully Show..."}
{"level":"info","data":"2019-05-13T04:43:33.720Z","message":"customerDetailsAPI : customer Data is Successfully Show..."}
{"level":"info","data":"2019-05-13T04:47:59.024Z","message":"customerDetailsAPI : customer Data is Successfully Show..."}
{"level":"info","data":"2019-05-13T04:51:07.712Z","message":"deleteDetailsAPI : customer Data is Successfully deleted..."}
{"level":"info","data":"2019-05-13T04:59:58.359Z","message":"addCustomerAPI : Customer Data is Successfully Insert..."}
{"level":"info","data":"2019-05-13T05:00:29.604Z","message":"customerDetailsAPI : customer Data is Successfully Show..."}
{"level":"info","data":"2019-05-13T05:13:08.117Z","message":"customerDetailsAPI : customer Data is Successfully Show..."}
{"level":"info","data":"2019-05-13T05:59:51.729Z","message":"addCustomerAPI : Customer Data is Successfully Insert..."}
{"level":"info","data":"2019-05-13T06:19:59.648Z","message":"customerDetailsAPI : customer Data is Successfully Show..."}
{"level":"info","data":"2019-05-13T06:21:17.536Z","message":"customerDetailsAPI : customer Data is Successfully Show..."}
{"level":"info","data":"2019-05-13T06:26:27.441Z","message":"customerDetailsAPI : customer Data is Successfully Show..."}
{"level":"info","data":"2019-05-13T06:27:48.183Z","message":"deleteDetailsAPI : customer Data is Successfully deleted..."}
{"level":"info","data":"2019-05-13T06:29:20.361Z","message":"customerDetailsAPI : customer Data is Successfully Show..."}
{"level":"info","data":"2019-05-13T06:31:59.137Z","message":"customerDetailsAPI : customer Data is Successfully Show..."}
{"level":"info","data":"2019-05-13T06:36:11.680Z","message":"customerDetailsAPI : customer Data is Successfully Show..."}
{"level":"info","data":"2019-05-13T06:39:03.242Z","message":"customerDetailsAPI : customer Data is Successfully Show..."}
{"level":"info","data":"2019-05-13T06:39:44.979Z","message":"customerDetailsAPI : customer Data is Successfully Show..."}
{"level":"info","data":"2019-05-13T06:39:45.862Z","message":"deleteDetailsAPI : customer Data is Successfully deleted..."}
{"level":"info","data":"2019-05-13T06:39:56.966Z","message":"customerDetailsAPI : customer Data is Successfully Show..."}
{"level":"info","data":"2019-05-13T06:40:28.819Z","message":"customerDetailsAPI : customer Data is Successfully Show..."}
{"level":"info","data":"2019-05-13T06:40:29.949Z","message":"deleteDetailsAPI : customer Data is Successfully deleted..."}
{"level":"info","data":"2019-05-13T06:40:29.964Z","message":"customerDetailsAPI : customer Data is Successfully Show..."}
{"level":"info","data":"2019-05-13T06:40:32.116Z","message":"deleteDetailsAPI : customer Data is Successfully deleted..."}
{"level":"info","data":"2019-05-13T06:40:32.135Z","message":"customerDetailsAPI : customer Data is Successfully Show..."}
{"level":"info","data":"2019-05-13T06:48:08.525Z","message":"customerDetailsAPI : customer Data is Successfully Show..."}
{"level":"info","data":"2019-05-13T06:48:10.796Z","message":"deleteDetailsAPI : customer Data is Successfully deleted..."}
{"level":"info","data":"2019-05-13T06:48:10.818Z","message":"customerDetailsAPI : Customer Data is not Show!!!"}
{"level":"info","data":"2019-05-13T06:52:03.442Z","message":"addCustomerAPI : Customer Data is Successfully Insert..."}
{"level":"info","data":"2019-05-13T07:12:57.567Z","message":"addCustomerAPI : Customer Data is Successfully Insert..."}
{"level":"info","data":"2019-05-13T07:13:01.935Z","message":"customerDetailsAPI : customer Data is Successfully Show..."}
{"level":"info","data":"2019-05-13T07:13:03.899Z","message":"deleteDetailsAPI : customer Data is Successfully deleted..."}
{"level":"info","data":"2019-05-13T07:13:03.982Z","message":"customerDetailsAPI : Customer Data is not Show!!!"}
{"level":"info","data":"2019-05-13T07:13:09.582Z","message":"addCustomerAPI : Customer Data is Successfully Insert..."}
{"level":"info","data":"2019-05-13T07:13:15.004Z","message":"addCustomerAPI : Customer Data is Successfully Insert..."}
{"level":"info","data":"2019-05-13T07:13:20.269Z","message":"addCustomerAPI : Customer Data is Successfully Insert..."}
{"level":"info","data":"2019-05-13T07:13:29.413Z","message":"customerDetailsAPI : customer Data is Successfully Show..."}
{"level":"info","data":"2019-05-13T07:14:16.855Z","message":"customerDetailsAPI : customer Data is Successfully Show..."}
{"level":"info","data":"2019-05-13T07:14:29.918Z","message":"customerDetailsAPI : customer Data is Successfully Show..."}
{"level":"info","data":"2019-05-13T07:15:17.641Z","message":"addCustomerAPI : Customer Data is Successfully Insert..."}
{"level":"info","data":"2019-05-13T07:15:29.239Z","message":"addCustomerAPI : Customer Data is Successfully Insert..."}
{"level":"info","data":"2019-05-13T07:15:39.446Z","message":"addCustomerAPI : Customer Data is Successfully Insert..."}
{"level":"info","data":"2019-05-13T07:16:05.014Z","message":"addCustomerAPI : Customer Data is Successfully Insert..."}
{"level":"info","data":"2019-05-13T07:16:48.818Z","message":"addCustomer : Customer already exist with same email id"}
{"level":"info","data":"2019-05-13T07:17:38.782Z","message":"customerDetailsAPI : customer Data is Successfully Show..."}
{"level":"info","data":"2019-05-13T07:18:18.467Z","message":"customerDetailsAPI : customer Data is Successfully Show..."}
{"level":"info","data":"2019-05-13T07:18:39.857Z","message":"customerDetailsAPI : customer Data is Successfully Show..."}
{"level":"info","data":"2019-05-13T07:18:42.478Z","message":"deleteDetailsAPI : customer Data is Successfully deleted..."}
{"level":"info","data":"2019-05-13T07:18:42.495Z","message":"customerDetailsAPI : customer Data is Successfully Show..."}
{"level":"info","data":"2019-05-13T07:18:43.314Z","message":"deleteDetailsAPI : customer Data is Successfully deleted..."}
{"level":"info","data":"2019-05-13T07:18:43.336Z","message":"customerDetailsAPI : customer Data is Successfully Show..."}
{"level":"info","data":"2019-05-13T07:20:45.860Z","message":"customerDetailsAPI : customer Data is Successfully Show..."}
{"level":"info","data":"2019-05-13T07:23:03.157Z","message":"customerDetailsAPI : customer Data is Successfully Show..."}
{"level":"info","data":"2019-05-13T07:23:28.264Z","message":"customerDetailsAPI : customer Data is Successfully Show..."}
{"level":"info","data":"2019-05-13T07:28:05.925Z","message":"customerDetailsAPI : customer Data is Successfully Show..."}
{"level":"info","data":"2019-05-13T07:29:25.935Z","message":"customerDetailsAPI : customer Data is Successfully Show..."}
{"level":"info","data":"2019-05-13T07:29:51.677Z","message":"customerDetailsAPI : customer Data is Successfully Show..."}
{"level":"info","data":"2019-05-13T07:31:02.189Z","message":"customerDetailsAPI : customer Data is Successfully Show..."}
{"level":"info","data":"2019-05-13T07:34:06.228Z","message":"customerDetailsAPI : customer Data is Successfully Show..."}
{"level":"info","data":"2019-05-13T07:55:36.522Z","message":"customerDetailsAPI : customer Data is Successfully Show..."}
{"level":"info","data":"2019-05-13T08:25:24.033Z","message":"customerDetailsAPI : customer Data is Successfully Show..."}
{"level":"info","data":"2019-05-13T08:27:13.745Z","message":"customerDetailsAPI : customer Data is Successfully Show..."}
{"level":"info","data":"2019-05-13T08:28:02.932Z","message":"customerDetailsAPI : customer Data is Successfully Show..."}
{"level":"info","data":"2019-05-13T08:28:27.947Z","message":"customerDetailsAPI : customer Data is Successfully Show..."}
{"level":"info","data":"2019-05-13T08:29:09.841Z","message":"customerDetailsAPI : customer Data is Successfully Show..."}
{"level":"info","data":"2019-05-13T08:35:53.822Z","message":"customerDetailsAPI : customer Data is Successfully Show..."}
{"level":"info","data":"2019-05-13T08:36:15.532Z","message":"customerDetailsAPI : customer Data is Successfully Show..."}
{"level":"info","data":"2019-05-13T08:38:22.754Z","message":"customerDetailsAPI : customer Data is Successfully Show..."}
{"level":"info","data":"2019-05-13T08:39:22.105Z","message":"customerDetailsAPI : customer Data is Successfully Show..."}
{"level":"info","data":"2019-05-13T08:39:55.732Z","message":"customerDetailsAPI : customer Data is Successfully Show..."}
{"level":"info","data":"2019-05-13T08:40:30.038Z","message":"customerDetailsAPI : customer Data is Successfully Show..."}
{"level":"info","data":"2019-05-13T08:41:49.446Z","message":"customerDetailsAPI : customer Data is Successfully Show..."}
{"level":"info","data":"2019-05-13T08:44:30.941Z","message":"customerDetailsAPI : customer Data is Successfully Show..."}
{"level":"info","data":"2019-05-13T09:01:08.033Z","message":"customerDetailsAPI : customer Data is Successfully Show..."}
{"level":"info","data":"2019-05-13T09:10:46.647Z","message":"customerDetailsAPI : customer Data is Successfully Show..."}
{"level":"info","data":"2019-05-13T09:16:39.666Z","message":"customerDetailsAPI : customer Data is Successfully Show..."}
{"level":"info","data":"2019-05-13T09:19:32.385Z","message":"customerDetailsAPI : customer Data is Successfully Show..."}
{"level":"info","data":"2019-05-13T09:24:12.779Z","message":"customerDetailsAPI : customer Data is Successfully Show..."}
{"level":"info","data":"2019-05-13T09:26:31.604Z","message":"customerDetailsAPI : customer Data is Successfully Show..."}
{"level":"info","data":"2019-05-13T09:26:52.103Z","message":"customerDetailsAPI : customer Data is Successfully Show..."}
{"level":"info","data":"2019-05-13T09:28:24.346Z","message":"customerDetailsAPI : customer Data is Successfully Show..."}
{"level":"info","data":"2019-05-13T09:30:21.828Z","message":"customerDetailsAPI : customer Data is Successfully Show..."}
{"level":"info","data":"2019-05-13T09:31:26.866Z","message":"customerDetailsAPI : customer Data is Successfully Show..."}
{"level":"info","data":"2019-05-13T09:34:39.678Z","message":"customerDetailsAPI : customer Data is Successfully Show..."}
{"level":"info","data":"2019-05-13T09:35:41.827Z","message":"customerDetailsAPI : customer Data is Successfully Show..."}
{"level":"info","data":"2019-05-13T09:36:55.071Z","message":"customerDetailsAPI : customer Data is Successfully Show..."}
{"level":"info","data":"2019-05-13T09:38:21.911Z","message":"customerDetailsAPI : customer Data is Successfully Show..."}
{"level":"info","data":"2019-05-13T09:38:50.023Z","message":"customerDetailsAPI : customer Data is Successfully Show..."}
{"level":"info","data":"2019-05-13T09:39:50.299Z","message":"customerDetailsAPI : customer Data is Successfully Show..."}
{"level":"info","data":"2019-05-13T09:41:14.757Z","message":"customerDetailsAPI : customer Data is Successfully Show..."}
{"level":"info","data":"2019-05-13T09:42:18.114Z","message":"customerDetailsAPI : customer Data is Successfully Show..."}
{"level":"info","data":"2019-05-13T09:43:14.283Z","message":"customerDetailsAPI : customer Data is Successfully Show..."}
{"level":"info","data":"2019-05-13T09:46:42.833Z","message":"customerDetailsAPI : customer Data is Successfully Show..."}
{"level":"info","data":"2019-05-13T09:47:09.327Z","message":"customerDetailsAPI : customer Data is Successfully Show..."}
{"level":"info","data":"2019-05-13T09:50:36.422Z","message":"customerDetailsAPI : customer Data is Successfully Show..."}
{"level":"info","data":"2019-05-13T09:51:35.401Z","message":"customerDetailsAPI : customer Data is Successfully Show..."}
{"level":"info","data":"2019-05-13T09:52:03.211Z","message":"customerDetailsAPI : customer Data is Successfully Show..."}
{"level":"info","data":"2019-05-13T09:53:23.449Z","message":"customerDetailsAPI : customer Data is Successfully Show..."}
{"level":"info","data":"2019-05-13T09:54:05.502Z","message":"customerDetailsAPI : customer Data is Successfully Show..."}
{"level":"info","data":"2019-05-13T09:55:25.206Z","message":"customerDetailsAPI : customer Data is Successfully Show..."}
{"level":"info","data":"2019-05-13T09:55:48.257Z","message":"customerDetailsAPI : customer Data is Successfully Show..."}
{"level":"info","data":"2019-05-13T09:56:54.873Z","message":"customerDetailsAPI : customer Data is Successfully Show..."}
{"level":"info","data":"2019-05-13T09:58:05.806Z","message":"customerDetailsAPI : customer Data is Successfully Show..."}
{"level":"info","data":"2019-05-13T09:59:00.435Z","message":"customerDetailsAPI : customer Data is Successfully Show..."}
{"level":"info","data":"2019-05-13T10:01:38.165Z","message":"customerDetailsAPI : customer Data is Successfully Show..."}
{"level":"info","data":"2019-05-13T10:03:28.649Z","message":"customerDetailsAPI : customer Data is Successfully Show..."}
{"level":"info","data":"2019-05-13T10:04:56.408Z","message":"customerDetailsAPI : customer Data is Successfully Show..."}
{"level":"info","data":"2019-05-13T10:05:23.383Z","message":"customerDetailsAPI : customer Data is Successfully Show..."}
{"level":"info","data":"2019-05-13T10:28:18.961Z","message":"customerDetailsAPI : customer Data is Successfully Show..."}
{"level":"info","data":"2019-05-13T10:51:10.059Z","message":"updateDetailsAPI : customer Data is Successfully updated..."}
{"level":"info","data":"2019-05-13T10:51:24.714Z","message":"customerDetailsAPI : customer Data is Successfully Show..."}
{"level":"info","data":"2019-05-13T10:51:52.870Z","message":"customerDetailsAPI : customer Data is Successfully Show..."}
{"level":"info","data":"2019-05-13T10:51:58.040Z","message":"updateDetailsAPI : customer Data is Successfully updated..."}
{"level":"info","data":"2019-05-13T10:51:58.053Z","message":"customerDetailsAPI : customer Data is Successfully Show..."}
{"level":"info","data":"2019-05-13T10:52:11.308Z","message":"updateDetailsAPI : customer Data is Successfully updated..."}
{"level":"info","data":"2019-05-13T10:52:11.324Z","message":"customerDetailsAPI : customer Data is Successfully Show..."}
{"level":"info","data":"2019-05-13T10:53:56.296Z","message":"customerDetailsAPI : customer Data is Successfully Show..."}
{"level":"info","data":"2019-05-13T10:54:10.431Z","message":"updateDetailsAPI : customer Data is Successfully updated..."}
{"level":"info","data":"2019-05-13T10:54:10.448Z","message":"customerDetailsAPI : customer Data is Successfully Show..."}
{"level":"info","data":"2019-05-13T10:54:17.001Z","message":"updateDetailsAPI : customer Data is Successfully updated..."}
{"level":"info","data":"2019-05-13T10:54:17.013Z","message":"customerDetailsAPI : customer Data is Successfully Show..."}
{"level":"info","data":"2019-05-13T10:55:54.883Z","message":"addCustomerAPI : Customer Data is Successfully Insert..."}
{"level":"info","data":"2019-05-13T10:55:56.962Z","message":"customerDetailsAPI : customer Data is Successfully Show..."}
{"level":"info","data":"2019-05-13T11:01:09.557Z","message":"addCustomer : Customer already exist with same email id"}
{"level":"info","data":"2019-05-13T11:01:10.960Z","message":"customerDetailsAPI : customer Data is Successfully Show..."}
{"level":"info","data":"2019-05-13T11:01:30.581Z","message":"addCustomer : Customer already exist with same email id"}
{"level":"info","data":"2019-05-13T11:01:32.894Z","message":"customerDetailsAPI : customer Data is Successfully Show..."}
{"level":"info","data":"2019-05-13T11:02:18.940Z","message":"addCustomer : Customer already exist with same email id"}
{"level":"info","data":"2019-05-13T11:03:00.076Z","message":"addCustomer : Customer already exist with same email id"}
{"level":"info","data":"2019-05-13T11:03:26.200Z","message":"addCustomer : Customer already exist with same email id"}
{"level":"info","data":"2019-05-13T11:03:54.965Z","message":"customerDetailsAPI : customer Data is Successfully Show..."}
{"level":"info","data":"2019-05-13T11:05:05.293Z","message":"customerDetailsAPI : customer Data is Successfully Show..."}
{"level":"info","data":"2019-05-13T11:11:58.721Z","message":"addCustomerAPI : Customer Data is Successfully Insert..."}
{"level":"info","data":"2019-05-13T11:12:12.179Z","message":"customerDetailsAPI : customer Data is Successfully Show..."}
{"level":"info","data":"2019-05-13T11:13:17.097Z","message":"customerDetailsAPI : customer Data is Successfully Show..."}
{"level":"info","data":"2019-05-13T11:36:15.436Z","message":"customerDetailsAPI : customer Data is Successfully Show..."}
{"level":"info","data":"2019-05-13T11:46:22.524Z","message":"customerDetailsAPI : customer Data is Successfully Show..."}
{"level":"info","data":"2019-05-13T11:46:47.008Z","message":"customerDetailsAPI : customer Data is Successfully Show..."}
{"level":"info","data":"2019-05-13T11:47:55.507Z","message":"customerDetailsAPI : customer Data is Successfully Show..."}
{"level":"info","data":"2019-05-13T11:49:05.298Z","message":"customerDetailsAPI : customer Data is Successfully Show..."}
{"level":"info","data":"2019-05-13T11:49:20.715Z","message":"customerDetailsAPI : customer Data is Successfully Show..."}
{"level":"info","data":"2019-05-13T11:50:02.319Z","message":"customerDetailsAPI : customer Data is Successfully Show..."}
{"level":"info","data":"2019-05-13T11:50:53.006Z","message":"customerDetailsAPI : customer Data is Successfully Show..."}
{"level":"info","data":"2019-05-13T11:52:16.762Z","message":"deleteDetailsAPI : customer Data is Successfully deleted..."}
{"level":"info","data":"2019-05-13T11:52:16.788Z","message":"customerDetailsAPI : customer Data is Successfully Show..."}
{"level":"info","data":"2019-05-13T11:52:17.135Z","message":"deleteDetailsAPI : customer Data is Successfully deleted..."}
{"level":"info","data":"2019-05-13T11:52:17.149Z","message":"customerDetailsAPI : customer Data is Successfully Show..."}
{"level":"info","data":"2019-05-13T11:52:17.453Z","message":"deleteDetailsAPI : customer Data is Successfully deleted..."}
{"level":"info","data":"2019-05-13T11:52:17.469Z","message":"customerDetailsAPI : customer Data is Successfully Show..."}
{"level":"info","data":"2019-05-13T11:52:18.434Z","message":"deleteDetailsAPI : customer Data is Successfully deleted..."}
{"level":"info","data":"2019-05-13T11:52:18.447Z","message":"customerDetailsAPI : customer Data is Successfully Show..."}
{"level":"info","data":"2019-05-13T11:52:19.368Z","message":"deleteDetailsAPI : customer Data is Successfully deleted..."}
{"level":"info","data":"2019-05-13T11:52:19.382Z","message":"customerDetailsAPI : customer Data is Successfully Show..."}
{"level":"info","data":"2019-05-13T11:52:20.136Z","message":"deleteDetailsAPI : customer Data is Successfully deleted..."}
{"level":"info","data":"2019-05-13T11:52:20.149Z","message":"customerDetailsAPI : customer Data is Successfully Show..."}
{"level":"info","data":"2019-05-13T11:52:20.824Z","message":"deleteDetailsAPI : customer Data is Successfully deleted..."}
{"level":"info","data":"2019-05-13T11:52:20.838Z","message":"customerDetailsAPI : Customer Data is not Show!!!"}
{"level":"info","data":"2019-05-13T11:53:11.465Z","message":"addCustomerAPI : Customer Data is Successfully Insert..."}
{"level":"info","data":"2019-05-13T11:53:18.054Z","message":"customerDetailsAPI : customer Data is Successfully Show..."}
{"level":"info","data":"2019-05-13T11:56:52.050Z","message":"customerDetailsAPI : customer Data is Successfully Show..."}
{"level":"info","data":"2019-05-13T11:57:20.354Z","message":"addCustomerAPI : Customer Data is Successfully Insert..."}
{"level":"info","data":"2019-05-13T11:57:21.355Z","message":"customerDetailsAPI : customer Data is Successfully Show..."}
{"level":"info","data":"2019-05-13T12:03:47.864Z","message":"customerDetailsAPI : customer Data is Successfully Show..."}
{"level":"info","data":"2019-05-13T12:04:44.760Z","message":"customerDetailsAPI : customer Data is Successfully Show..."}
{"level":"info","data":"2019-05-13T12:09:38.991Z","message":"customerDetailsAPI : customer Data is Successfully Show..."}
{"level":"info","data":"2019-05-13T12:10:38.451Z","message":"customerDetailsAPI : customer Data is Successfully Show..."}
{"level":"info","data":"2019-05-13T12:11:19.574Z","message":"customerDetailsAPI : customer Data is Successfully Show..."}
{"level":"info","data":"2019-05-13T12:13:13.697Z","message":"customerDetailsAPI : customer Data is Successfully Show..."}
{"level":"info","data":"2019-05-13T12:14:59.159Z","message":"customerDetailsAPI : customer Data is Successfully Show..."}
{"level":"info","data":"2019-05-13T12:15:28.591Z","message":"customerDetailsAPI : customer Data is Successfully Show..."}
{"level":"info","data":"2019-05-13T12:18:01.993Z","message":"customerDetailsAPI : customer Data is Successfully Show..."}
{"level":"info","data":"2019-05-13T12:18:33.195Z","message":"customerDetailsAPI : customer Data is Successfully Show..."}
{"level":"info","data":"2019-05-13T12:19:28.558Z","message":"customerDetailsAPI : customer Data is Successfully Show..."}
{"level":"info","data":"2019-05-13T12:21:05.870Z","message":"customerDetailsAPI : customer Data is Successfully Show..."}
{"level":"info","data":"2019-05-13T12:25:48.744Z","message":"customerDetailsAPI : customer Data is Successfully Show..."}
{"level":"info","data":"2019-05-13T12:27:42.946Z","message":"customerDetailsAPI : customer Data is Successfully Show..."}
{"level":"info","data":"2019-05-13T12:30:20.478Z","message":"customerDetailsAPI : customer Data is Successfully Show..."}
{"level":"info","data":"2019-05-13T12:31:39.312Z","message":"customerDetailsAPI : customer Data is Successfully Show..."}
{"level":"info","data":"2019-05-13T12:32:30.659Z","message":"customerDetailsAPI : customer Data is Successfully Show..."}
{"level":"info","data":"2019-05-13T12:33:44.597Z","message":"customerDetailsAPI : customer Data is Successfully Show..."}
{"level":"info","data":"2019-05-13T12:34:58.992Z","message":"customerDetailsAPI : customer Data is Successfully Show..."}
{"level":"info","data":"2019-05-13T12:35:30.550Z","message":"customerDetailsAPI : customer Data is Successfully Show..."}
{"level":"info","data":"2019-05-13T12:36:11.700Z","message":"customerDetailsAPI : customer Data is Successfully Show..."}
{"level":"info","data":"2019-05-13T12:36:55.080Z","message":"customerDetailsAPI : customer Data is Successfully Show..."}
{"level":"info","data":"2019-05-13T12:37:16.161Z","message":"customerDetailsAPI : customer Data is Successfully Show..."}
{"level":"info","data":"2019-05-13T12:41:24.047Z","message":"customerDetailsAPI : customer Data is Successfully Show..."}
{"level":"info","data":"2019-05-13T12:41:41.185Z","message":"customerDetailsAPI : customer Data is Successfully Show..."}
{"level":"info","data":"2019-05-13T12:43:22.780Z","message":"customerDetailsAPI : customer Data is Successfully Show..."}
{"level":"info","data":"2019-05-13T12:47:25.554Z","message":"customerDetailsAPI : customer Data is Successfully Show..."}
{"level":"info","data":"2019-05-13T12:50:39.146Z","message":"customerDetailsAPI : customer Data is Successfully Show..."}
{"level":"info","data":"2019-05-13T12:54:54.671Z","message":"addCustomerAPI : Customer Data is Successfully Insert..."}
{"level":"info","data":"2019-05-13T12:54:57.317Z","message":"customerDetailsAPI : customer Data is Successfully Show..."}
{"level":"info","data":"2019-05-13T12:56:13.443Z","message":"customerDetailsAPI : customer Data is Successfully Show..."}
{"level":"info","data":"2019-05-13T12:57:57.901Z","message":"customerDetailsAPI : customer Data is Successfully Show..."}
{"level":"info","data":"2019-05-13T13:02:21.575Z","message":"customerDetailsAPI : customer Data is Successfully Show..."}
{"level":"info","data":"2019-05-13T13:03:25.837Z","message":"customerDetailsAPI : customer Data is Successfully Show..."}
{"level":"info","data":"2019-05-13T13:06:06.462Z","message":"customerDetailsAPI : customer Data is Successfully Show..."}
{"level":"info","data":"2019-05-13T13:07:49.443Z","message":"customerDetailsAPI : customer Data is Successfully Show..."}
{"level":"info","data":"2019-05-13T13:11:01.991Z","message":"customerDetailsAPI : customer Data is Successfully Show..."}
{"level":"info","data":"2019-05-13T13:12:47.277Z","message":"customerDetailsAPI : customer Data is Successfully Show..."}
{"level":"info","data":"2019-05-13T13:14:32.688Z","message":"customerDetailsAPI : customer Data is Successfully Show..."}
{"level":"info","data":"2019-05-13T13:15:25.669Z","message":"customerDetailsAPI : customer Data is Successfully Show..."}
{"level":"info","data":"2019-05-13T13:18:14.478Z","message":"customerDetailsAPI : customer Data is Successfully Show..."}
{"level":"info","data":"2019-05-13T13:20:12.387Z","message":"customerDetailsAPI : customer Data is Successfully Show..."}
{"level":"info","data":"2019-05-13T13:20:53.337Z","message":"customerDetailsAPI : customer Data is Successfully Show..."}
{"level":"info","data":"2019-05-13T13:21:58.632Z","message":"customerDetailsAPI : customer Data is Successfully Show..."}
{"level":"info","data":"2019-05-13T13:28:20.824Z","message":"customerDetailsAPI : customer Data is Successfully Show..."}
{"level":"info","data":"2019-05-13T13:29:26.987Z","message":"customerDetailsAPI : customer Data is Successfully Show..."}
{"level":"info","data":"2019-05-13T13:30:50.455Z","message":"customerDetailsAPI : customer Data is Successfully Show..."}
{"level":"info","data":"2019-05-13T13:31:58.117Z","message":"customerDetailsAPI : customer Data is Successfully Show..."}
{"level":"info","data":"2019-05-14T04:14:53.889Z","message":"customerDetailsAPI : customer Data is Successfully Show..."}
{"level":"info","data":"2019-05-14T04:15:48.030Z","message":"customerDetailsAPI : customer Data is Successfully Show..."}
{"level":"info","data":"2019-05-14T04:17:35.969Z","message":"customerDetailsAPI : customer Data is Successfully Show..."}
{"level":"info","data":"2019-05-14T04:18:49.410Z","message":"customerDetailsAPI : customer Data is Successfully Show..."}
{"level":"info","data":"2019-05-14T04:19:48.680Z","message":"customerDetailsAPI : customer Data is Successfully Show..."}
{"level":"info","data":"2019-05-14T04:22:34.328Z","message":{"message":"Cast to number failed for value \"Surat\" at path \"address.city\"","name":"CastError","stringValue":"\"Surat\"","kind":"number","value":"Surat","path":"address.city"}}
{"level":"info","data":"2019-05-14T04:22:44.203Z","message":{"message":"Cast to number failed for value \"Surat\" at path \"address.city\"","name":"CastError","stringValue":"\"Surat\"","kind":"number","value":"Surat","path":"address.city"}}
{"level":"info","data":"2019-05-14T04:24:24.105Z","message":"customerDetailsAPI : customer Data is Successfully Show..."}
{"level":"info","data":"2019-05-14T04:26:39.255Z","message":"customerDetailsAPI : customer Data is Successfully Show..."}
{"level":"info","data":"2019-05-14T05:11:45.010Z","message":"customerDetailsAPI : customer Data is Successfully Show..."}
{"level":"info","data":"2019-05-14T05:19:40.503Z","message":"addCustomerAPI : Customer Data is Successfully Insert..."}
{"level":"info","data":"2019-05-14T05:19:41.688Z","message":"customerDetailsAPI : customer Data is Successfully Show..."}
{"level":"info","data":"2019-05-14T05:20:36.681Z","message":"customerDetailsAPI : customer Data is Successfully Show..."}
{"level":"info","data":"2019-05-14T05:21:22.094Z","message":"customerDetailsAPI : customer Data is Successfully Show..."}
{"level":"info","data":"2019-05-14T05:23:53.145Z","message":"customerDetailsAPI : customer Data is Successfully Show..."}
{"level":"info","data":"2019-05-14T05:30:06.307Z","message":"customerDetailsAPI : customer Data is Successfully Show..."}
{"level":"info","data":"2019-05-14T05:32:16.386Z","message":"customerDetailsAPI : customer Data is Successfully Show..."}
{"level":"info","data":"2019-05-14T05:33:36.777Z","message":"customerDetailsAPI : customer Data is Successfully Show..."}
{"level":"info","data":"2019-05-14T05:33:51.680Z","message":"customerDetailsAPI : customer Data is Successfully Show..."}
{"level":"info","data":"2019-05-14T05:40:52.631Z","message":"customerDetailsAPI : customer Data is Successfully Show..."}
{"level":"info","data":"2019-05-14T05:41:17.920Z","message":"customerDetailsAPI : customer Data is Successfully Show..."}
{"level":"info","data":"2019-05-14T05:41:51.826Z","message":"customerDetailsAPI : customer Data is Successfully Show..."}
{"level":"info","data":"2019-05-14T05:42:32.043Z","message":"customerDetailsAPI : customer Data is Successfully Show..."}
{"level":"info","data":"2019-05-14T05:43:45.215Z","message":"customerDetailsAPI : customer Data is Successfully Show..."}
{"level":"info","data":"2019-05-14T05:44:08.853Z","message":{"message":"Cast to number failed for value \"Surat\" at path \"address.city\"","name":"CastError","stringValue":"\"Surat\"","kind":"number","value":"Surat","path":"address.city"}}
{"level":"info","data":"2019-05-14T05:44:20.002Z","message":{"message":"Cast to number failed for value \"Surat\" at path \"address.city\"","name":"CastError","stringValue":"\"Surat\"","kind":"number","value":"Surat","path":"address.city"}}
{"level":"info","data":"2019-05-14T05:46:08.847Z","message":{"message":"Cast to number failed for value \"Surat\" at path \"address.city\"","name":"CastError","stringValue":"\"Surat\"","kind":"number","value":"Surat","path":"address.city"}}
{"level":"info","data":"2019-05-14T05:46:20.006Z","message":{"message":"Cast to number failed for value \"Surat\" at path \"address.city\"","name":"CastError","stringValue":"\"Surat\"","kind":"number","value":"Surat","path":"address.city"}}
{"level":"info","data":"2019-05-14T05:48:42.927Z","message":"customerDetailsAPI : customer Data is Successfully Show..."}
{"level":"info","data":"2019-05-14T05:48:49.651Z","message":"updateDetailsAPI : customer Data is Successfully updated..."}
{"level":"info","data":"2019-05-14T05:48:49.722Z","message":"customerDetailsAPI : customer Data is Successfully Show..."}
{"level":"info","data":"2019-05-14T05:49:14.169Z","message":"updateDetailsAPI : customer Data is Successfully updated..."}
{"level":"info","data":"2019-05-14T05:49:14.195Z","message":"customerDetailsAPI : customer Data is Successfully Show..."}
{"level":"info","data":"2019-05-14T05:49:58.282Z","message":"updateDetailsAPI : customer Data is Successfully updated..."}
{"level":"info","data":"2019-05-14T05:49:58.292Z","message":"customerDetailsAPI : customer Data is Successfully Show..."}
{"level":"info","data":"2019-05-14T05:51:46.593Z","message":"customerDetailsAPI : customer Data is Successfully Show..."}
{"level":"info","data":"2019-05-14T05:54:11.949Z","message":"customerDetailsAPI : customer Data is Successfully Show..."}
{"level":"info","data":"2019-05-14T05:55:47.728Z","message":"userSignUpAPI : Data is not Insert!!!"}
{"level":"info","data":"2019-05-14T05:55:51.138Z","message":"userSignUpAPI : Data is not Insert!!!"}
{"level":"info","data":"2019-05-14T05:55:52.914Z","message":"userSignUpAPI : Data is not Insert!!!"}
{"level":"info","data":"2019-05-14T05:56:18.938Z","message":"userSignUpAPI : Data is not Insert!!!"}
{"level":"info","data":"2019-05-14T05:56:21.851Z","message":"userSignUpAPI : Data is not Insert!!!"}
{"level":"info","data":"2019-05-14T05:56:26.034Z","message":"userSignUpAPI : Data is not Insert!!!"}
{"level":"info","data":"2019-05-14T05:57:56.918Z","message":"userSignUpAPI : Data is not Insert!!!"}
{"level":"info","data":"2019-05-14T05:58:02.948Z","message":"userSignUpAPI : Data is not Insert!!!"}
{"level":"info","data":"2019-05-14T06:10:51.159Z","message":"customerDetailsAPI : customer Data is Successfully Show..."}
{"level":"info","data":"2019-05-14T06:10:52.664Z","message":"customerDetailsAPI : customer Data is Successfully Show..."}
{"level":"info","data":"2019-05-14T06:10:53.709Z","message":"customerDetailsAPI : customer Data is Successfully Show..."}
{"level":"info","data":"2019-05-14T06:10:56.766Z","message":"customerDetailsAPI : customer Data is Successfully Show..."}
{"level":"info","data":"2019-05-14T06:11:12.036Z","message":"customerDetailsAPI : customer Data is Successfully Show..."}
{"level":"info","data":"2019-05-14T06:11:13.321Z","message":"customerDetailsAPI : customer Data is Successfully Show..."}
{"level":"info","data":"2019-05-14T06:11:14.238Z","message":"customerDetailsAPI : customer Data is Successfully Show..."}
{"level":"info","data":"2019-05-14T06:11:17.356Z","message":"customerDetailsAPI : customer Data is Successfully Show..."}
{"level":"info","data":"2019-05-14T06:11:18.508Z","message":"customerDetailsAPI : customer Data is Successfully Show..."}
{"level":"info","data":"2019-05-14T06:13:00.465Z","message":"customerDetailsAPI : customer Data is Successfully Show..."}
{"level":"info","data":"2019-05-14T06:13:04.188Z","message":"customerDetailsAPI : customer Data is Successfully Show..."}
{"level":"info","data":"2019-05-14T06:14:13.145Z","message":"customerDetailsAPI : customer Data is Successfully Show..."}
{"level":"info","data":"2019-05-14T06:18:21.753Z","message":"addCustomerAPI : Customer Data is Successfully Insert..."}
{"level":"info","data":"2019-05-14T06:22:40.286Z","message":"addCustomerAPI : Customer Data is Successfully Insert..."}
{"level":"info","data":"2019-05-14T06:31:24.207Z","message":"customerDetailsAPI : customer Data is Successfully Show..."}
{"level":"info","data":"2019-05-14T06:32:18.597Z","message":"customerDetailsAPI : customer Data is Successfully Show..."}
{"level":"info","data":"2019-05-14T06:33:23.813Z","message":"customerDetailsAPI : customer Data is Successfully Show..."}
{"level":"info","data":"2019-05-14T06:34:49.202Z","message":"customerDetailsAPI : customer Data is Successfully Show..."}
{"level":"info","data":"2019-05-14T06:35:05.464Z","message":"customerDetailsAPI : customer Data is Successfully Show..."}
{"level":"info","data":"2019-05-14T06:35:25.647Z","message":"customerDetailsAPI : customer Data is Successfully Show..."}
{"level":"info","data":"2019-05-14T06:36:06.091Z","message":"customerDetailsAPI : customer Data is Successfully Show..."}
{"level":"info","data":"2019-05-14T06:36:37.626Z","message":"customerDetailsAPI : customer Data is Successfully Show..."}
{"level":"info","data":"2019-05-14T06:37:32.384Z","message":"customerDetailsAPI : customer Data is Successfully Show..."}
{"level":"info","data":"2019-05-14T06:38:08.308Z","message":"customerDetailsAPI : customer Data is Successfully Show..."}
{"level":"info","data":"2019-05-14T06:38:39.347Z","message":"customerDetailsAPI : customer Data is Successfully Show..."}
{"level":"info","data":"2019-05-14T06:39:08.626Z","message":"customerDetailsAPI : customer Data is Successfully Show..."}
{"level":"info","data":"2019-05-14T06:39:14.869Z","message":"customerDetailsAPI : customer Data is Successfully Show..."}
{"level":"info","data":"2019-05-14T06:41:01.940Z","message":"customerDetailsAPI : customer Data is Successfully Show..."}
{"level":"info","data":"2019-05-14T06:41:37.767Z","message":"customerDetailsAPI : customer Data is Successfully Show..."}
{"level":"info","data":"2019-05-14T06:43:14.394Z","message":"customerDetailsAPI : customer Data is Successfully Show..."}
{"level":"info","data":"2019-05-14T06:44:11.580Z","message":"customerDetailsAPI : customer Data is Successfully Show..."}
{"level":"info","data":"2019-05-14T06:45:35.349Z","message":"customerDetailsAPI : customer Data is Successfully Show..."}
{"level":"info","data":"2019-05-14T06:47:52.893Z","message":"customerDetailsAPI : customer Data is Successfully Show..."}
{"level":"info","data":"2019-05-14T06:50:25.883Z","message":"customerDetailsAPI : customer Data is Successfully Show..."}
{"level":"info","data":"2019-05-14T06:52:17.999Z","message":"customerDetailsAPI : customer Data is Successfully Show..."}
{"level":"info","data":"2019-05-14T06:52:49.815Z","message":"customerDetailsAPI : customer Data is Successfully Show..."}
{"level":"info","data":"2019-05-14T06:53:22.157Z","message":"customerDetailsAPI : customer Data is Successfully Show..."}
{"level":"info","data":"2019-05-14T06:53:53.294Z","message":"customerDetailsAPI : customer Data is Successfully Show..."}
{"level":"info","data":"2019-05-14T06:55:01.311Z","message":"customerDetailsAPI : customer Data is Successfully Show..."}
{"level":"info","data":"2019-05-14T06:56:43.970Z","message":"customerDetailsAPI : customer Data is Successfully Show..."}
{"level":"info","data":"2019-05-14T06:57:22.110Z","message":"customerDetailsAPI : customer Data is Successfully Show..."}
{"level":"info","data":"2019-05-14T06:59:08.843Z","message":"customerDetailsAPI : customer Data is Successfully Show..."}
{"level":"info","data":"2019-05-14T06:59:45.306Z","message":"customerDetailsAPI : customer Data is Successfully Show..."}
{"level":"info","data":"2019-05-14T07:00:01.159Z","message":"customerDetailsAPI : customer Data is Successfully Show..."}
{"level":"info","data":"2019-05-14T07:01:35.679Z","message":"customerDetailsAPI : customer Data is Successfully Show..."}
{"level":"info","data":"2019-05-14T07:02:11.917Z","message":"customerDetailsAPI : customer Data is Successfully Show..."}
{"level":"info","data":"2019-05-14T07:02:38.325Z","message":"customerDetailsAPI : customer Data is Successfully Show..."}
{"level":"info","data":"2019-05-14T07:03:40.960Z","message":"customerDetailsAPI : customer Data is Successfully Show..."}
{"level":"info","data":"2019-05-14T07:04:11.595Z","message":{"message":"Cast to number failed for value \"Gujarat\" at path \"address.state\"","name":"CastError","stringValue":"\"Gujarat\"","kind":"number","value":"Gujarat","path":"address.state"}}
{"level":"info","data":"2019-05-14T07:04:29.774Z","message":"customerDetailsAPI : customer Data is Successfully Show..."}
{"level":"info","data":"2019-05-14T07:04:52.117Z","message":"updateDetailsAPI : customer Data is Successfully updated..."}
{"level":"info","data":"2019-05-14T07:04:52.147Z","message":"customerDetailsAPI : customer Data is Successfully Show..."}
{"level":"info","data":"2019-05-14T07:07:12.242Z","message":"customerDetailsAPI : customer Data is Successfully Show..."}
{"level":"info","data":"2019-05-14T07:08:19.355Z","message":"customerDetailsAPI : customer Data is Successfully Show..."}
{"level":"info","data":"2019-05-14T07:09:07.658Z","message":"customerDetailsAPI : customer Data is Successfully Show..."}
{"level":"info","data":"2019-05-14T07:10:14.817Z","message":"customerDetailsAPI : customer Data is Successfully Show..."}
{"level":"info","data":"2019-05-14T07:11:00.695Z","message":"customerDetailsAPI : customer Data is Successfully Show..."}
{"level":"info","data":"2019-05-14T07:12:28.684Z","message":"customerDetailsAPI : customer Data is Successfully Show..."}
{"level":"info","data":"2019-05-14T07:12:41.720Z","message":"updateDetailsAPI : customer Data is Successfully updated..."}
{"level":"info","data":"2019-05-14T07:12:41.737Z","message":"customerDetailsAPI : customer Data is Successfully Show..."}
{"level":"info","data":"2019-05-14T07:12:57.556Z","message":"updateDetailsAPI : customer Data is Successfully updated..."}
{"level":"info","data":"2019-05-14T07:12:57.567Z","message":"customerDetailsAPI : customer Data is Successfully Show..."}
{"level":"info","data":"2019-05-14T07:13:14.205Z","message":"updateDetailsAPI : customer Data is Successfully updated..."}
{"level":"info","data":"2019-05-14T07:13:14.216Z","message":"customerDetailsAPI : customer Data is Successfully Show..."}
{"level":"info","data":"2019-05-14T07:16:58.428Z","message":"customerDetailsAPI : customer Data is Successfully Show..."}
{"level":"info","data":"2019-05-14T07:17:08.040Z","message":"updateDetailsAPI : customer Data is Successfully updated..."}
{"level":"info","data":"2019-05-14T07:17:08.056Z","message":"customerDetailsAPI : customer Data is Successfully Show..."}
{"level":"info","data":"2019-05-14T07:17:26.902Z","message":"customerDetailsAPI : customer Data is Successfully Show..."}
{"level":"info","data":"2019-05-14T07:17:36.860Z","message":"updateDetailsAPI : customer Data is Successfully updated..."}
{"level":"info","data":"2019-05-14T07:17:36.871Z","message":"customerDetailsAPI : customer Data is Successfully Show..."}
{"level":"info","data":"2019-05-14T07:17:51.584Z","message":{"message":"Cast to number failed for value \"Surat\" at path \"address.city\"","name":"CastError","stringValue":"\"Surat\"","kind":"number","value":"Surat","path":"address.city"}}
{"level":"info","data":"2019-05-14T07:18:28.901Z","message":{"message":"Cast to number failed for value \"Surat\" at path \"address.city\"","name":"CastError","stringValue":"\"Surat\"","kind":"number","value":"Surat","path":"address.city"}}
{"level":"info","data":"2019-05-14T07:18:55.918Z","message":"updateDetailsAPI : customer Data is Successfully updated..."}
{"level":"info","data":"2019-05-14T07:18:55.927Z","message":"customerDetailsAPI : customer Data is Successfully Show..."}
{"level":"info","data":"2019-05-14T07:19:51.581Z","message":{"message":"Cast to number failed for value \"Surat\" at path \"address.city\"","name":"CastError","stringValue":"\"Surat\"","kind":"number","value":"Surat","path":"address.city"}}
{"level":"info","data":"2019-05-14T07:20:28.899Z","message":{"message":"Cast to number failed for value \"Surat\" at path \"address.city\"","name":"CastError","stringValue":"\"Surat\"","kind":"number","value":"Surat","path":"address.city"}}
{"level":"info","data":"2019-05-14T07:23:52.232Z","message":"customerDetailsAPI : customer Data is Successfully Show..."}
{"level":"info","data":"2019-05-14T07:23:56.101Z","message":"updateDetailsAPI : customer Data is Successfully updated..."}
{"level":"info","data":"2019-05-14T07:23:56.131Z","message":"customerDetailsAPI : customer Data is Successfully Show..."}
{"level":"info","data":"2019-05-14T07:24:30.131Z","message":"customerDetailsAPI : customer Data is Successfully Show..."}
{"level":"info","data":"2019-05-14T07:24:34.204Z","message":"updateDetailsAPI : customer Data is Successfully updated..."}
{"level":"info","data":"2019-05-14T07:24:34.214Z","message":"customerDetailsAPI : customer Data is Successfully Show..."}
{"level":"info","data":"2019-05-14T07:24:43.486Z","message":"updateDetailsAPI : customer Data is Successfully updated..."}
{"level":"info","data":"2019-05-14T07:24:43.496Z","message":"customerDetailsAPI : customer Data is Successfully Show..."}
{"level":"info","data":"2019-05-14T07:25:23.753Z","message":"customerDetailsAPI : customer Data is Successfully Show..."}
{"level":"info","data":"2019-05-14T07:25:30.674Z","message":"customerDetailsAPI : customer Data is Successfully Show..."}
{"level":"info","data":"2019-05-14T07:25:58.963Z","message":"customerDetailsAPI : customer Data is Successfully Show..."}
{"level":"info","data":"2019-05-14T07:28:40.122Z","message":"customerDetailsAPI : customer Data is Successfully Show..."}
{"level":"info","data":"2019-05-14T07:29:02.992Z","message":"customerDetailsAPI : customer Data is Successfully Show..."}
{"level":"info","data":"2019-05-14T07:29:30.465Z","message":"customerDetailsAPI : customer Data is Successfully Show..."}
{"level":"info","data":"2019-05-14T07:30:17.131Z","message":"customerDetailsAPI : customer Data is Successfully Show..."}
{"level":"info","data":"2019-05-14T07:31:15.073Z","message":"customerDetailsAPI : customer Data is Successfully Show..."}
{"level":"info","data":"2019-05-14T07:32:26.267Z","message":"customerDetailsAPI : customer Data is Successfully Show..."}
{"level":"info","data":"2019-05-14T07:33:54.093Z","message":"updateDetailsAPI : customer Data is Successfully updated..."}
{"level":"info","data":"2019-05-14T07:33:54.103Z","message":"customerDetailsAPI : customer Data is Successfully Show..."}
{"level":"info","data":"2019-05-14T07:34:04.148Z","message":"customerDetailsAPI : customer Data is Successfully Show..."}
{"level":"info","data":"2019-05-14T07:34:11.740Z","message":"customerDetailsAPI : customer Data is Successfully Show..."}
{"level":"info","data":"2019-05-14T07:34:18.017Z","message":"customerDetailsAPI : customer Data is Successfully Show..."}
{"level":"info","data":"2019-05-14T07:34:25.617Z","message":"customerDetailsAPI : customer Data is Successfully Show..."}
{"level":"info","data":"2019-05-14T07:34:41.992Z","message":"updateDetailsAPI : customer Data is Successfully updated..."}
{"level":"info","data":"2019-05-14T07:34:42.011Z","message":"customerDetailsAPI : customer Data is Successfully Show..."}
{"level":"info","data":"2019-05-14T07:34:49.208Z","message":"customerDetailsAPI : customer Data is Successfully Show..."}
{"level":"info","data":"2019-05-14T07:35:20.319Z","message":"customerDetailsAPI : customer Data is Successfully Show..."}
{"level":"info","data":"2019-05-14T08:16:51.151Z","message":"customerDetailsAPI : customer Data is Successfully Show..."}
{"level":"info","data":"2019-05-14T08:17:12.287Z","message":"updateDetailsAPI : customer Data is Successfully updated..."}
{"level":"info","data":"2019-05-14T08:17:12.302Z","message":"customerDetailsAPI : customer Data is Successfully Show..."}
{"level":"info","data":"2019-05-14T08:20:54.623Z","message":"userSignUpAPI : Data is not Insert!!!"}
{"level":"info","data":"2019-05-14T08:21:57.239Z","message":"userSignUpAPI : Data is not Insert!!!"}
{"level":"info","data":"2019-05-14T08:22:42.144Z","message":"userSignUpAPI : Data is not Insert!!!"}
{"level":"info","data":"2019-05-14T08:22:46.472Z","message":"userSignUpAPI : Data is not Insert!!!"}
{"level":"info","data":"2019-05-14T08:27:01.595Z","message":"addCustomerAPI : Customer Data is Successfully Insert..."}
{"level":"info","data":"2019-05-14T08:27:10.763Z","message":"customerDetailsAPI : customer Data is Successfully Show..."}
{"level":"info","data":"2019-05-14T08:27:45.195Z","message":"addCustomerAPI : Customer Data is Successfully Insert..."}
{"level":"info","data":"2019-05-14T08:29:43.921Z","message":"addCustomerAPI : Customer Data is Successfully Insert..."}
{"level":"info","data":"2019-05-14T08:31:23.775Z","message":"customerDetailsAPI : customer Data is Successfully Show..."}
{"level":"info","data":"2019-05-14T08:36:23.198Z","message":"customerDetailsAPI : customer Data is Successfully Show..."}
{"level":"info","data":"2019-05-14T08:41:44.424Z","message":"customerDetailsAPI : customer Data is Successfully Show..."}
{"level":"info","data":"2019-05-14T08:41:46.709Z","message":"deleteDetailsAPI : customer Data is Successfully deleted..."}
{"level":"info","data":"2019-05-14T08:41:46.761Z","message":"customerDetailsAPI : customer Data is Successfully Show..."}
{"level":"info","data":"2019-05-14T08:42:04.264Z","message":"deleteDetailsAPI : customer Data is Successfully deleted..."}
{"level":"info","data":"2019-05-14T08:42:04.298Z","message":"customerDetailsAPI : customer Data is Successfully Show..."}
{"level":"info","data":"2019-05-14T08:42:14.726Z","message":"customerDetailsAPI : customer Data is Successfully Show..."}
{"level":"info","data":"2019-05-14T08:42:16.902Z","message":"deleteDetailsAPI : customer Data is Successfully deleted..."}
{"level":"info","data":"2019-05-14T08:42:16.934Z","message":"customerDetailsAPI : customer Data is Successfully Show..."}
{"level":"info","data":"2019-05-14T08:43:07.598Z","message":"customerDetailsAPI : customer Data is Successfully Show..."}
{"level":"info","data":"2019-05-14T08:43:09.286Z","message":"deleteDetailsAPI : customer Data is Successfully deleted..."}
{"level":"info","data":"2019-05-14T08:43:09.324Z","message":"customerDetailsAPI : customer Data is Successfully Show..."}
{"level":"info","data":"2019-05-14T08:46:13.591Z","message":"customerDetailsAPI : customer Data is Successfully Show..."}
{"level":"info","data":"2019-05-14T08:46:15.118Z","message":"deleteDetailsAPI : customer Data is Successfully deleted..."}
{"level":"info","data":"2019-05-14T08:46:15.163Z","message":"customerDetailsAPI : customer Data is Successfully Show..."}
{"level":"info","data":"2019-05-14T08:46:52.482Z","message":"customerDetailsAPI : customer Data is Successfully Show..."}
{"level":"info","data":"2019-05-14T08:46:55.734Z","message":"customerDetailsAPI : customer Data is Successfully Show..."}
{"level":"info","data":"2019-05-14T08:48:35.207Z","message":"customerDetailsAPI : customer Data is Successfully Show..."}
{"level":"info","data":"2019-05-14T08:52:21.557Z","message":"addCustomerAPI : Customer Data is Successfully Insert..."}
{"level":"info","data":"2019-05-14T08:53:35.970Z","message":"addCustomerAPI : Customer Data is Successfully Insert..."}
{"level":"info","data":"2019-05-14T08:55:19.633Z","message":"addCustomerAPI : Customer Data is Successfully Insert..."}
{"level":"info","data":"2019-05-14T08:57:11.666Z","message":"customerDetailsAPI : customer Data is Successfully Show..."}
{"level":"info","data":"2019-05-14T08:57:13.351Z","message":"deleteDetailsAPI : customer Data is Successfully deleted..."}
{"level":"info","data":"2019-05-14T08:57:13.385Z","message":"customerDetailsAPI : customer Data is Successfully Show..."}
{"level":"info","data":"2019-05-14T08:57:40.243Z","message":"customerDetailsAPI : customer Data is Successfully Show..."}
{"level":"info","data":"2019-05-14T08:57:42.097Z","message":"deleteDetailsAPI : customer Data is Successfully deleted..."}
{"level":"info","data":"2019-05-14T08:57:42.131Z","message":"customerDetailsAPI : customer Data is Successfully Show..."}
{"level":"info","data":"2019-05-14T08:58:54.039Z","message":"customerDetailsAPI : customer Data is Successfully Show..."}
{"level":"info","data":"2019-05-14T08:59:10.624Z","message":"updateDetailsAPI : customer Data is Successfully updated..."}
{"level":"info","data":"2019-05-14T08:59:10.652Z","message":"customerDetailsAPI : customer Data is Successfully Show..."}
{"level":"info","data":"2019-05-14T09:01:36.122Z","message":"addCustomer : Customer already exist with same email id"}
{"level":"info","data":"2019-05-14T09:02:45.931Z","message":"customerDetailsAPI : customer Data is Successfully Show..."}
{"level":"info","data":"2019-05-14T09:03:04.753Z","message":"addCustomer : Customer already exist with same email id"}
{"level":"info","data":"2019-05-14T09:03:41.915Z","message":"addCustomer : Customer already exist with same email id"}
{"level":"info","data":"2019-05-14T09:03:47.222Z","message":"addCustomer : Customer already exist with same email id"}
{"level":"info","data":"2019-05-14T09:03:51.722Z","message":"addCustomer : Customer already exist with same email id"}
{"level":"info","data":"2019-05-14T09:04:43.981Z","message":"addCustomer : Customer already exist with same email id"}
{"level":"info","data":"2019-05-14T09:05:00.028Z","message":"addCustomerAPI : Customer Data is Successfully Insert..."}
{"level":"info","data":"2019-05-14T09:05:47.820Z","message":"addCustomerAPI : Customer Data is Successfully Insert..."}
{"level":"info","data":"2019-05-14T09:05:53.624Z","message":"customerDetailsAPI : customer Data is Successfully Show..."}
{"level":"info","data":"2019-05-14T09:05:57.137Z","message":"deleteDetailsAPI : customer Data is Successfully deleted..."}
{"level":"info","data":"2019-05-14T09:05:57.162Z","message":"customerDetailsAPI : customer Data is Successfully Show..."}
{"level":"info","data":"2019-05-14T09:06:09.197Z","message":"updateDetailsAPI : customer Data is Successfully updated..."}
{"level":"info","data":"2019-05-14T09:06:09.212Z","message":"customerDetailsAPI : customer Data is Successfully Show..."}
{"level":"info","data":"2019-05-14T09:07:32.987Z","message":"updateDetailsAPI : customer Data is Successfully updated..."}
{"level":"info","data":"2019-05-14T09:07:33.000Z","message":"customerDetailsAPI : customer Data is Successfully Show..."}
{"level":"info","data":"2019-05-14T09:32:08.521Z","message":"customerDetailsAPI : customer Data is Successfully Show..."}
{"level":"info","data":"2019-05-14T09:56:06.285Z","message":"customerDetailsAPI : customer Data is Successfully Show..."}
{"level":"info","data":"2019-05-14T09:56:16.840Z","message":"updateDetailsAPI : customer Data is Successfully updated..."}
{"level":"info","data":"2019-05-14T09:56:16.871Z","message":"customerDetailsAPI : customer Data is Successfully Show..."}
{"level":"info","data":"2019-05-14T09:58:01.592Z","message":"updateDetailsAPI : customer Data is Successfully updated..."}
{"level":"info","data":"2019-05-14T09:58:01.605Z","message":"customerDetailsAPI : customer Data is Successfully Show..."}
{"level":"info","data":"2019-05-14T10:02:34.203Z","message":"customerDetailsAPI : customer Data is Successfully Show..."}
{"level":"info","data":"2019-05-14T10:03:13.195Z","message":"updateDetailsAPI : customer Data is Successfully updated..."}
{"level":"info","data":"2019-05-14T10:03:13.214Z","message":"customerDetailsAPI : customer Data is Successfully Show..."}
{"level":"info","data":"2019-05-14T10:03:32.725Z","message":"updateDetailsAPI : customer Data is Successfully updated..."}
{"level":"info","data":"2019-05-14T10:03:32.736Z","message":"customerDetailsAPI : customer Data is Successfully Show..."}
{"level":"info","data":"2019-05-14T10:04:12.281Z","message":"addCustomerAPI : Customer Data is Successfully Insert..."}
{"level":"info","data":"2019-05-14T10:24:01.441Z","message":"customerDetailsAPI : customer Data is Successfully Show..."}
{"level":"info","data":"2019-05-14T10:24:59.238Z","message":"customerDetailsAPI : customer Data is Successfully Show..."}
{"level":"info","data":"2019-05-14T10:25:22.644Z","message":"customerDetailsAPI : customer Data is Successfully Show..."}
{"level":"info","data":"2019-05-14T10:37:33.543Z","message":"customerDetailsAPI : customer Data is Successfully Show..."}
{"level":"info","data":"2019-05-14T10:37:36.817Z","message":"deleteDetailsAPI : customer Data is Successfully deleted..."}
{"level":"info","data":"2019-05-14T10:37:36.838Z","message":"customerDetailsAPI : customer Data is Successfully Show..."}
{"level":"info","data":"2019-05-14T10:37:57.999Z","message":"customerDetailsAPI : customer Data is Successfully Show..."}
{"level":"info","data":"2019-05-14T10:38:59.893Z","message":"customerDetailsAPI : customer Data is Successfully Show..."}
{"level":"info","data":"2019-05-14T10:39:03.666Z","message":"deleteDetailsAPI : customer Data is Successfully deleted..."}
{"level":"info","data":"2019-05-14T10:39:03.688Z","message":"customerDetailsAPI : customer Data is Successfully Show..."}
{"level":"info","data":"2019-05-14T10:39:53.188Z","message":"customerDetailsAPI : customer Data is Successfully Show..."}
{"level":"info","data":"2019-05-14T10:39:57.632Z","message":"deleteDetailsAPI : customer Data is Successfully deleted..."}
{"level":"info","data":"2019-05-14T10:39:57.719Z","message":"customerDetailsAPI : customer Data is Successfully Show..."}
{"level":"info","data":"2019-05-14T10:40:26.649Z","message":"addCustomerAPI : Customer Data is Successfully Insert..."}
{"level":"info","data":"2019-05-14T10:40:32.167Z","message":"customerDetailsAPI : customer Data is Successfully Show..."}
{"level":"info","data":"2019-05-14T10:40:50.862Z","message":"addCustomerAPI : Customer Data is Successfully Insert..."}
{"level":"info","data":"2019-05-14T10:40:53.317Z","message":"customerDetailsAPI : customer Data is Successfully Show..."}
{"level":"info","data":"2019-05-14T10:59:48.069Z","message":"customerDetailsAPI : customer Data is Successfully Show..."}
{"level":"info","data":"2019-05-14T11:00:03.106Z","message":"customerDetailsAPI : customer Data is Successfully Show..."}
{"level":"info","data":"2019-05-14T11:17:03.310Z","message":"customerDetailsAPI : customer Data is Successfully Show..."}
{"level":"info","data":"2019-05-14T11:17:06.897Z","message":"updateDetailsAPI : customer Data is Successfully updated..."}
{"level":"info","data":"2019-05-14T11:17:06.925Z","message":"customerDetailsAPI : customer Data is Successfully Show..."}
{"level":"info","data":"2019-05-14T11:18:07.922Z","message":"updateDetailsAPI : customer Data is Successfully updated..."}
{"level":"info","data":"2019-05-14T11:18:07.938Z","message":"customerDetailsAPI : customer Data is Successfully Show..."}
{"level":"info","data":"2019-05-14T11:18:42.397Z","message":"customerDetailsAPI : customer Data is Successfully Show..."}
{"level":"info","data":"2019-05-14T11:18:52.397Z","message":"updateDetailsAPI : customer Data is Successfully updated..."}
{"level":"info","data":"2019-05-14T11:18:52.418Z","message":"customerDetailsAPI : customer Data is Successfully Show..."}
{"level":"info","data":"2019-05-14T11:19:04.149Z","message":"updateDetailsAPI : customer Data is Successfully updated..."}
{"level":"info","data":"2019-05-14T11:19:04.171Z","message":"customerDetailsAPI : customer Data is Successfully Show..."}
{"level":"info","data":"2019-05-14T11:19:11.605Z","message":"updateDetailsAPI : customer Data is Successfully updated..."}
{"level":"info","data":"2019-05-14T11:19:11.622Z","message":"customerDetailsAPI : customer Data is Successfully Show..."}
{"level":"info","data":"2019-05-14T11:37:52.090Z","message":"customerDetailsAPI : customer Data is Successfully Show..."}
{"level":"info","data":"2019-05-14T11:37:54.700Z","message":"updateDetailsAPI : customer Data is Successfully updated..."}
{"level":"info","data":"2019-05-14T11:37:54.713Z","message":"customerDetailsAPI : customer Data is Successfully Show..."}
{"level":"info","data":"2019-05-14T11:38:06.821Z","message":"updateDetailsAPI : customer Data is Successfully updated..."}
{"level":"info","data":"2019-05-14T11:38:06.835Z","message":"customerDetailsAPI : customer Data is Successfully Show..."}
{"level":"info","data":"2019-05-14T11:39:22.990Z","message":"customerDetailsAPI : customer Data is Successfully Show..."}
{"level":"info","data":"2019-05-14T11:39:27.560Z","message":"updateDetailsAPI : customer Data is Successfully updated..."}
{"level":"info","data":"2019-05-14T11:39:27.573Z","message":"customerDetailsAPI : customer Data is Successfully Show..."}
{"level":"info","data":"2019-05-14T11:40:21.225Z","message":"customerDetailsAPI : customer Data is Successfully Show..."}
{"level":"info","data":"2019-05-14T11:40:31.536Z","message":"updateDetailsAPI : customer Data is Successfully updated..."}
{"level":"info","data":"2019-05-14T11:40:31.550Z","message":"customerDetailsAPI : customer Data is Successfully Show..."}
{"level":"info","data":"2019-05-14T11:41:43.456Z","message":"customerDetailsAPI : customer Data is Successfully Show..."}
{"level":"info","data":"2019-05-14T11:41:46.211Z","message":"updateDetailsAPI : customer Data is Successfully updated..."}
{"level":"info","data":"2019-05-14T11:41:46.221Z","message":"customerDetailsAPI : customer Data is Successfully Show..."}
{"level":"info","data":"2019-05-14T11:42:43.470Z","message":"customerDetailsAPI : customer Data is Successfully Show..."}
{"level":"info","data":"2019-05-14T11:43:01.468Z","message":"updateDetailsAPI : customer Data is Successfully updated..."}
{"level":"info","data":"2019-05-14T11:43:01.478Z","message":"customerDetailsAPI : customer Data is Successfully Show..."}
{"level":"info","data":"2019-05-14T11:44:06.204Z","message":"updateDetailsAPI : customer Data is Successfully updated..."}
{"level":"info","data":"2019-05-14T11:44:06.215Z","message":"customerDetailsAPI : customer Data is Successfully Show..."}
{"level":"info","data":"2019-05-14T11:44:14.395Z","message":"updateDetailsAPI : customer Data is Successfully updated..."}
{"level":"info","data":"2019-05-14T11:44:14.408Z","message":"customerDetailsAPI : customer Data is Successfully Show..."}
{"level":"info","data":"2019-05-14T11:44:24.095Z","message":"updateDetailsAPI : customer Data is Successfully updated..."}
{"level":"info","data":"2019-05-14T11:44:24.106Z","message":"customerDetailsAPI : customer Data is Successfully Show..."}
{"level":"info","data":"2019-05-14T11:44:34.642Z","message":"updateDetailsAPI : customer Data is Successfully updated..."}
{"level":"info","data":"2019-05-14T11:44:34.649Z","message":"customerDetailsAPI : customer Data is Successfully Show..."}
{"level":"info","data":"2019-05-14T11:44:49.865Z","message":"updateDetailsAPI : customer Data is Successfully updated..."}
{"level":"info","data":"2019-05-14T11:44:49.875Z","message":"customerDetailsAPI : customer Data is Successfully Show..."}
{"level":"info","data":"2019-05-14T11:47:36.211Z","message":"addCustomerAPI : Customer Data is Successfully Insert..."}
{"level":"info","data":"2019-05-14T11:47:54.873Z","message":"customerDetailsAPI : customer Data is Successfully Show..."}
{"level":"info","data":"2019-05-14T11:48:38.568Z","message":"deleteDetailsAPI : customer Data is Successfully deleted..."}
{"level":"info","data":"2019-05-14T11:48:38.577Z","message":"customerDetailsAPI : customer Data is Successfully Show..."}
{"level":"info","data":"2019-05-14T11:48:43.190Z","message":"deleteDetailsAPI : customer Data is Successfully deleted..."}
{"level":"info","data":"2019-05-14T11:48:43.212Z","message":"customerDetailsAPI : customer Data is Successfully Show..."}
{"level":"info","data":"2019-05-14T11:48:54.924Z","message":"customerDetailsAPI : customer Data is Successfully Show..."}
{"level":"info","data":"2019-05-15T04:17:29.988Z","message":"customerDetailsAPI : customer Data is Successfully Show..."}
{"level":"info","data":"2019-05-15T04:17:33.928Z","message":"updateDetailsAPI : customer Data is Successfully updated..."}
{"level":"info","data":"2019-05-15T04:17:33.964Z","message":"customerDetailsAPI : customer Data is Successfully Show..."}
{"level":"info","data":"2019-05-15T06:02:35.477Z","message":"addCustomerAPI : Customer Data is Successfully Insert..."}
{"level":"info","data":"2019-05-15T06:11:43.964Z","message":"addCustomerAPI : Customer Data is Successfully Insert..."}
{"level":"info","data":"2019-05-15T06:29:38.735Z","message":"customerDetailsAPI : customer Data is Successfully Show..."}
{"level":"info","data":"2019-05-15T06:46:51.249Z","message":"addCustomerAPI : Customer Data is Successfully Insert..."}
{"level":"info","data":"2019-05-15T07:20:03.886Z","message":"addCustomerAPI : Customer Data is Successfully Insert..."}
{"level":"info","data":"2019-05-15T09:26:18.912Z","message":"addCustomerAPI : Customer Data is Successfully Insert..."}
{"level":"info","data":"2019-05-15T09:48:18.637Z","message":"addCustomer : Customer already exist with same email id"}
{"level":"info","data":"2019-05-15T10:36:13.380Z","message":"userSignUpAPI : Data is not Insert!!!"}
{"level":"info","data":"2019-05-15T10:47:40.701Z","message":"addCustomerAPI : Customer Data is Successfully Insert..."}
{"level":"info","data":"2019-05-15T10:51:05.957Z","message":"addCustomerAPI : Customer Data is Successfully Insert..."}
{"level":"info","data":"2019-05-15T11:54:28.734Z","message":"customerDetailsAPI : customer Data is Successfully Show..."}
{"level":"info","data":"2019-05-15T11:54:42.833Z","message":"customerDetailsAPI : customer Data is Successfully Show..."}
{"level":"info","data":"2019-05-15T11:57:03.710Z","message":"customerDetailsAPI : customer Data is Successfully Show..."}
{"level":"info","data":"2019-05-15T11:57:21.450Z","message":"customerDetailsAPI : customer Data is Successfully Show..."}
{"level":"info","data":"2019-05-15T11:57:39.448Z","message":"customerDetailsAPI : customer Data is Successfully Show..."}
{"level":"info","data":"2019-05-15T12:10:31.098Z","message":"customerDetailsAPI : customer Data is Successfully Show..."}
{"level":"info","data":"2019-05-15T12:11:34.558Z","message":"customerDetailsAPI : customer Data is Successfully Show..."}
{"level":"info","data":"2019-05-15T12:11:37.997Z","message":"customerDetailsAPI : customer Data is Successfully Show..."}
{"level":"info","data":"2019-05-15T12:11:40.707Z","message":"customerDetailsAPI : customer Data is Successfully Show..."}
{"level":"info","data":"2019-05-15T12:22:28.924Z","message":"customerDetailsAPI : customer Data is Successfully Show..."}
{"level":"info","data":"2019-05-15T12:31:21.699Z","message":"customerDetailsAPI : customer Data is Successfully Show..."}
{"level":"info","data":"2019-05-15T12:40:01.136Z","message":"customerDetailsAPI : customer Data is Successfully Show..."}
{"level":"info","data":"2019-05-15T12:40:07.346Z","message":"updateDetailsAPI : customer Data is Successfully updated..."}
{"level":"info","data":"2019-05-15T12:40:07.401Z","message":"customerDetailsAPI : customer Data is Successfully Show..."}
{"level":"info","data":"2019-05-15T12:40:21.417Z","message":"updateDetailsAPI : customer Data is Successfully updated..."}
{"level":"info","data":"2019-05-15T12:40:21.435Z","message":"customerDetailsAPI : customer Data is Successfully Show..."}
{"level":"info","data":"2019-05-15T12:40:32.506Z","message":"updateDetailsAPI : customer Data is Successfully updated..."}
{"level":"info","data":"2019-05-15T12:40:32.519Z","message":"customerDetailsAPI : customer Data is Successfully Show..."}
{"level":"info","data":"2019-05-15T12:40:46.533Z","message":"updateDetailsAPI : customer Data is Successfully updated..."}
{"level":"info","data":"2019-05-15T12:40:46.547Z","message":"customerDetailsAPI : customer Data is Successfully Show..."}
{"level":"info","data":"2019-05-15T12:56:26.519Z","message":"customerDetailsAPI : customer Data is Successfully Show..."}
{"level":"info","data":"2019-05-15T12:56:30.290Z","message":"customerDetailsAPI : customer Data is Successfully Show..."}
{"level":"info","data":"2019-05-15T12:57:51.524Z","message":"customerDetailsAPI : customer Data is Successfully Show..."}
{"level":"info","data":"2019-05-15T12:57:57.508Z","message":"customerDetailsAPI : customer Data is Successfully Show..."}
{"level":"info","data":"2019-05-15T12:58:06.607Z","message":"customerDetailsAPI : customer Data is Successfully Show..."}
{"level":"info","data":"2019-05-16T04:53:09.555Z","message":"listCompanyAPI : Company Data is not Show!!!"}
{"level":"info","data":"2019-05-16T11:46:59.418Z","message":"customerDetailsAPI : customer Data is Successfully Show..."}
{"level":"info","data":"2019-05-16T11:47:07.274Z","message":"customerDetailsAPI : customer Data is Successfully Show..."}
{"level":"info","data":"2019-05-17T04:38:42.831Z","message":"customerDetailsAPI : customer Data is Successfully Show..."}
